<?xml version="1.0" encoding="UTF-8"?>
<testng-results ignored="0" total="39" passed="16" failed="23" skipped="0">
  <reporter-output>
  </reporter-output>
  <suite started-at="2025-04-28T16:34:23 IST" name="Suite" finished-at="2025-04-28T16:35:34 IST" duration-ms="70776">
    <groups>
    </groups>
    <test started-at="2025-04-28T16:34:23 IST" name="Test" finished-at="2025-04-28T16:35:34 IST" duration-ms="70776">
      <class name="test.TC_003Login">
        <test-method is-config="true" signature="reportIniatialization()[pri:0, instance:test.TC_003Login@38d8f54a]" started-at="2025-04-28T16:34:23 IST" name="reportIniatialization" finished-at="2025-04-28T16:34:23 IST" duration-ms="207" status="PASS">
          <reporter-output>
          </reporter-output>
        </test-method> <!-- reportIniatialization -->
        <test-method is-config="true" signature="setup()[pri:0, instance:test.TC_003Login@38d8f54a]" started-at="2025-04-28T16:34:23 IST" name="setup" finished-at="2025-04-28T16:34:23 IST" duration-ms="1" status="PASS">
          <reporter-output>
          </reporter-output>
        </test-method> <!-- setup -->
        <test-method is-config="true" signature="testDetails()[pri:0, instance:test.TC_003Login@38d8f54a]" started-at="2025-04-28T16:34:23 IST" name="testDetails" finished-at="2025-04-28T16:34:23 IST" duration-ms="7" status="PASS">
          <reporter-output>
          </reporter-output>
        </test-method> <!-- testDetails -->
        <test-method is-config="true" signature="launchingbrowserandloadingURL(java.lang.String,java.lang.String)[pri:0, instance:test.TC_003Login@38d8f54a]" started-at="2025-04-28T16:34:24 IST" name="launchingbrowserandloadingURL" finished-at="2025-04-28T16:34:30 IST" duration-ms="6920" status="PASS">
          <params>
            <param index="0">
              <value>
                <![CDATA[https://adactinhotelapp.com/]]>
              </value>
            </param>
            <param index="1">
              <value>
                <![CDATA[Chrome]]>
              </value>
            </param>
          </params>
          <reporter-output>
          </reporter-output>
        </test-method> <!-- launchingbrowserandloadingURL -->
        <test-method signature="userRegistration(java.lang.String,java.lang.String,java.lang.String,java.lang.String)[pri:0, instance:test.TC_003Login@38d8f54a]" started-at="2025-04-28T16:34:30 IST" name="userRegistration" data-provider="readdata" finished-at="2025-04-28T16:35:02 IST" duration-ms="31504" status="FAIL">
          <params>
            <param index="0">
              <value>
                <![CDATA[vihansankar]]>
              </value>
            </param>
            <param index="1">
              <value>
                <![CDATA[vihan123]]>
              </value>
            </param>
            <param index="2">
              <value>
                <![CDATA[valid name valid password]]>
              </value>
            </param>
            <param index="3">
              <value>
                <![CDATA[Welcome to Adactin Group of Hotels]]>
              </value>
            </param>
          </params>
          <exception class="org.openqa.selenium.TimeoutException">
            <message>
              <![CDATA[Expected condition failed: waiting for visibility of Proxy element for: DefaultElementLocator 'By.xpath: //table/tbody/tr/td[text()='Welcome to Adactin Group of Hotels']' (tried for 20 second(s) with 500 milliseconds interval)]]>
            </message>
            <full-stacktrace>
              <![CDATA[org.openqa.selenium.TimeoutException: Expected condition failed: waiting for visibility of Proxy element for: DefaultElementLocator 'By.xpath: //table/tbody/tr/td[text()='Welcome to Adactin Group of Hotels']' (tried for 20 second(s) with 500 milliseconds interval)
at org.openqa.selenium.support.ui.WebDriverWait.timeoutException(WebDriverWait.java:84)
at org.openqa.selenium.support.ui.FluentWait.until(FluentWait.java:228)
at utils.Handling.explicitWait(Handling.java:16)
at pages.ValidateLogin.validate_login(ValidateLogin.java:35)
at test.TC_003Login.userRegistration(TC_003Login.java:26)
at java.base/jdk.internal.reflect.DirectMethodHandleAccessor.invoke(DirectMethodHandleAccessor.java:103)
at java.base/java.lang.reflect.Method.invoke(Method.java:580)
at org.testng.internal.invokers.MethodInvocationHelper.invokeMethod(MethodInvocationHelper.java:139)
at org.testng.internal.invokers.TestInvoker.invokeMethod(TestInvoker.java:664)
at org.testng.internal.invokers.TestInvoker.invokeTestMethod(TestInvoker.java:227)
at org.testng.internal.invokers.MethodRunner.runInSequence(MethodRunner.java:50)
at org.testng.internal.invokers.TestInvoker$MethodInvocationAgent.invoke(TestInvoker.java:957)
at org.testng.internal.invokers.TestInvoker.invokeTestMethods(TestInvoker.java:200)
at org.testng.internal.invokers.TestMethodWorker.invokeTestMethods(TestMethodWorker.java:148)
at org.testng.internal.invokers.TestMethodWorker.run(TestMethodWorker.java:128)
at java.base/java.util.ArrayList.forEach(ArrayList.java:1596)
at org.testng.TestRunner.privateRun(TestRunner.java:848)
at org.testng.TestRunner.run(TestRunner.java:621)
at org.testng.SuiteRunner.runTest(SuiteRunner.java:443)
at org.testng.SuiteRunner.runSequentially(SuiteRunner.java:437)
at org.testng.SuiteRunner.privateRun(SuiteRunner.java:397)
at org.testng.SuiteRunner.run(SuiteRunner.java:336)
at org.testng.SuiteRunnerWorker.runSuite(SuiteRunnerWorker.java:52)
at org.testng.SuiteRunnerWorker.run(SuiteRunnerWorker.java:95)
at org.testng.TestNG.runSuitesSequentially(TestNG.java:1280)
at org.testng.TestNG.runSuitesLocally(TestNG.java:1200)
at org.testng.TestNG.runSuites(TestNG.java:1114)
at org.testng.TestNG.run(TestNG.java:1082)
at org.apache.maven.surefire.testng.TestNGExecutor.run(TestNGExecutor.java:308)
at org.apache.maven.surefire.testng.TestNGXmlTestSuite.execute(TestNGXmlTestSuite.java:71)
at org.apache.maven.surefire.testng.TestNGProvider.invoke(TestNGProvider.java:113)
at org.apache.maven.surefire.booter.ForkedBooter.runSuitesInProcess(ForkedBooter.java:385)
at org.apache.maven.surefire.booter.ForkedBooter.execute(ForkedBooter.java:162)
at org.apache.maven.surefire.booter.ForkedBooter.run(ForkedBooter.java:507)
at org.apache.maven.surefire.booter.ForkedBooter.main(ForkedBooter.java:495)
Caused by: org.openqa.selenium.NoSuchElementException: no such element: Unable to locate element: {"method":"xpath","selector":"//table/tbody/tr/td[text()='Welcome to Adactin Group of Hotels']"}
  (Session info: chrome=135.0.7049.114)
For documentation on this error, please visit: https://www.selenium.dev/documentation/webdriver/troubleshooting/errors#no-such-element-exception
Build info: version: '4.28.0', revision: 'ac342546e9'
System info: os.name: 'Windows 11', os.arch: 'amd64', os.version: '10.0', java.version: '21.0.6'
Driver info: org.openqa.selenium.chrome.ChromeDriver
Command: [99430eb3bbcc3c4e847a98af31e98c93, findElement {using=xpath, value=//table/tbody/tr/td[text()='Welcome to Adactin Group of Hotels']}]
Capabilities {acceptInsecureCerts: false, browserName: chrome, browserVersion: 135.0.7049.114, chrome: {chromedriverVersion: 135.0.7049.114 (63fd8a7d9d0..., userDataDir: C:\Users\ragul\AppData\Loca...}, fedcm:accounts: true, goog:chromeOptions: {debuggerAddress: localhost:57546}, networkConnectionEnabled: false, pageLoadStrategy: normal, platformName: windows, proxy: Proxy(), se:cdp: ws://localhost:57546/devtoo..., se:cdpVersion: 135.0.7049.114, setWindowRect: true, strictFileInteractability: false, timeouts: {implicit: 0, pageLoad: 300000, script: 30000}, unhandledPromptBehavior: dismiss and notify, webauthn:extension:credBlob: true, webauthn:extension:largeBlob: true, webauthn:extension:minPinLength: true, webauthn:extension:prf: true, webauthn:virtualAuthenticators: true}
Session ID: 99430eb3bbcc3c4e847a98af31e98c93
at java.base/jdk.internal.reflect.DirectConstructorHandleAccessor.newInstance(DirectConstructorHandleAccessor.java:62)
at java.base/java.lang.reflect.Constructor.newInstanceWithCaller(Constructor.java:502)
at java.base/java.lang.reflect.Constructor.newInstance(Constructor.java:486)
at org.openqa.selenium.remote.ErrorCodec.decode(ErrorCodec.java:167)
at org.openqa.selenium.remote.codec.w3c.W3CHttpResponseCodec.decode(W3CHttpResponseCodec.java:138)
at org.openqa.selenium.remote.codec.w3c.W3CHttpResponseCodec.decode(W3CHttpResponseCodec.java:50)
at org.openqa.selenium.remote.HttpCommandExecutor.execute(HttpCommandExecutor.java:215)
at org.openqa.selenium.remote.service.DriverCommandExecutor.invokeExecute(DriverCommandExecutor.java:216)
at org.openqa.selenium.remote.service.DriverCommandExecutor.execute(DriverCommandExecutor.java:174)
at org.openqa.selenium.remote.RemoteWebDriver.execute(RemoteWebDriver.java:545)
at org.openqa.selenium.remote.ElementLocation$ElementFinder$2.findElement(ElementLocation.java:165)
at org.openqa.selenium.remote.ElementLocation.findElement(ElementLocation.java:59)
at org.openqa.selenium.remote.RemoteWebDriver.findElement(RemoteWebDriver.java:368)
at org.openqa.selenium.remote.RemoteWebDriver.findElement(RemoteWebDriver.java:362)
at org.openqa.selenium.support.pagefactory.DefaultElementLocator.findElement(DefaultElementLocator.java:68)
at org.openqa.selenium.support.pagefactory.internal.LocatingElementHandler.invoke(LocatingElementHandler.java:38)
at jdk.proxy2/jdk.proxy2.$Proxy17.isDisplayed(Unknown Source)
at org.openqa.selenium.support.ui.ExpectedConditions.elementIfVisible(ExpectedConditions.java:304)
at org.openqa.selenium.support.ui.ExpectedConditions$10.apply(ExpectedConditions.java:290)
at org.openqa.selenium.support.ui.ExpectedConditions$10.apply(ExpectedConditions.java:287)
at org.openqa.selenium.support.ui.FluentWait.until(FluentWait.java:203)
... 33 more
]]>
            </full-stacktrace>
          </exception> <!-- org.openqa.selenium.TimeoutException -->
          <reporter-output>
          </reporter-output>
        </test-method> <!-- userRegistration -->
        <test-method is-config="true" signature="closeBrowser()[pri:0, instance:test.TC_003Login@38d8f54a]" started-at="2025-04-28T16:35:02 IST" name="closeBrowser" finished-at="2025-04-28T16:35:03 IST" duration-ms="182" status="PASS">
          <reporter-output>
          </reporter-output>
        </test-method> <!-- closeBrowser -->
        <test-method is-config="true" signature="launchingbrowserandloadingURL(java.lang.String,java.lang.String)[pri:0, instance:test.TC_003Login@38d8f54a]" started-at="2025-04-28T16:35:03 IST" name="launchingbrowserandloadingURL" finished-at="2025-04-28T16:35:08 IST" duration-ms="5584" status="PASS">
          <params>
            <param index="0">
              <value>
                <![CDATA[https://adactinhotelapp.com/]]>
              </value>
            </param>
            <param index="1">
              <value>
                <![CDATA[Chrome]]>
              </value>
            </param>
          </params>
          <reporter-output>
          </reporter-output>
        </test-method> <!-- launchingbrowserandloadingURL -->
        <test-method signature="userRegistration(java.lang.String,java.lang.String,java.lang.String,java.lang.String)[pri:0, instance:test.TC_003Login@38d8f54a]" started-at="2025-04-28T16:35:08 IST" name="userRegistration" data-provider="readdata" finished-at="2025-04-28T16:35:08 IST" duration-ms="302" status="PASS">
          <params>
            <param index="0">
              <value>
                <![CDATA[]]>
              </value>
            </param>
            <param index="1">
              <value>
                <![CDATA[vihan123]]>
              </value>
            </param>
            <param index="2">
              <value>
                <![CDATA[empty name field and valid password]]>
              </value>
            </param>
            <param index="3">
              <value>
                <![CDATA[Enter Username]]>
              </value>
            </param>
          </params>
          <reporter-output>
          </reporter-output>
        </test-method> <!-- userRegistration -->
        <test-method is-config="true" signature="closeBrowser()[pri:0, instance:test.TC_003Login@38d8f54a]" started-at="2025-04-28T16:35:09 IST" name="closeBrowser" finished-at="2025-04-28T16:35:09 IST" duration-ms="164" status="PASS">
          <reporter-output>
          </reporter-output>
        </test-method> <!-- closeBrowser -->
        <test-method is-config="true" signature="launchingbrowserandloadingURL(java.lang.String,java.lang.String)[pri:0, instance:test.TC_003Login@38d8f54a]" started-at="2025-04-28T16:35:09 IST" name="launchingbrowserandloadingURL" finished-at="2025-04-28T16:35:14 IST" duration-ms="5146" status="PASS">
          <params>
            <param index="0">
              <value>
                <![CDATA[https://adactinhotelapp.com/]]>
              </value>
            </param>
            <param index="1">
              <value>
                <![CDATA[Chrome]]>
              </value>
            </param>
          </params>
          <reporter-output>
          </reporter-output>
        </test-method> <!-- launchingbrowserandloadingURL -->
        <test-method signature="userRegistration(java.lang.String,java.lang.String,java.lang.String,java.lang.String)[pri:0, instance:test.TC_003Login@38d8f54a]" started-at="2025-04-28T16:35:14 IST" name="userRegistration" data-provider="readdata" finished-at="2025-04-28T16:35:14 IST" duration-ms="311" status="PASS">
          <params>
            <param index="0">
              <value>
                <![CDATA[vihansankar]]>
              </value>
            </param>
            <param index="1">
              <value>
                <![CDATA[]]>
              </value>
            </param>
            <param index="2">
              <value>
                <![CDATA[valid name  empty password field]]>
              </value>
            </param>
            <param index="3">
              <value>
                <![CDATA[Enter Password]]>
              </value>
            </param>
          </params>
          <reporter-output>
          </reporter-output>
        </test-method> <!-- userRegistration -->
        <test-method is-config="true" signature="closeBrowser()[pri:0, instance:test.TC_003Login@38d8f54a]" started-at="2025-04-28T16:35:15 IST" name="closeBrowser" finished-at="2025-04-28T16:35:15 IST" duration-ms="154" status="PASS">
          <reporter-output>
          </reporter-output>
        </test-method> <!-- closeBrowser -->
        <test-method is-config="true" signature="launchingbrowserandloadingURL(java.lang.String,java.lang.String)[pri:0, instance:test.TC_003Login@38d8f54a]" started-at="2025-04-28T16:35:15 IST" name="launchingbrowserandloadingURL" finished-at="2025-04-28T16:35:19 IST" duration-ms="4783" status="PASS">
          <params>
            <param index="0">
              <value>
                <![CDATA[https://adactinhotelapp.com/]]>
              </value>
            </param>
            <param index="1">
              <value>
                <![CDATA[Chrome]]>
              </value>
            </param>
          </params>
          <reporter-output>
          </reporter-output>
        </test-method> <!-- launchingbrowserandloadingURL -->
        <test-method signature="userRegistration(java.lang.String,java.lang.String,java.lang.String,java.lang.String)[pri:0, instance:test.TC_003Login@38d8f54a]" started-at="2025-04-28T16:35:19 IST" name="userRegistration" data-provider="readdata" finished-at="2025-04-28T16:35:20 IST" duration-ms="561" status="PASS">
          <params>
            <param index="0">
              <value>
                <![CDATA[gukeshvar]]>
              </value>
            </param>
            <param index="1">
              <value>
                <![CDATA[gukesh]]>
              </value>
            </param>
            <param index="2">
              <value>
                <![CDATA[invalid user name]]>
              </value>
            </param>
            <param index="3">
              <value>
                <![CDATA[Invalid Login details or Your Password might have expired. Click here to reset your password]]>
              </value>
            </param>
          </params>
          <reporter-output>
          </reporter-output>
        </test-method> <!-- userRegistration -->
        <test-method is-config="true" signature="closeBrowser()[pri:0, instance:test.TC_003Login@38d8f54a]" started-at="2025-04-28T16:35:20 IST" name="closeBrowser" finished-at="2025-04-28T16:35:20 IST" duration-ms="175" status="PASS">
          <reporter-output>
          </reporter-output>
        </test-method> <!-- closeBrowser -->
        <test-method is-config="true" signature="launchingbrowserandloadingURL(java.lang.String,java.lang.String)[pri:0, instance:test.TC_003Login@38d8f54a]" started-at="2025-04-28T16:35:20 IST" name="launchingbrowserandloadingURL" finished-at="2025-04-28T16:35:27 IST" duration-ms="6057" status="PASS">
          <params>
            <param index="0">
              <value>
                <![CDATA[https://adactinhotelapp.com/]]>
              </value>
            </param>
            <param index="1">
              <value>
                <![CDATA[Chrome]]>
              </value>
            </param>
          </params>
          <reporter-output>
          </reporter-output>
        </test-method> <!-- launchingbrowserandloadingURL -->
        <test-method signature="userRegistration(java.lang.String,java.lang.String,java.lang.String,java.lang.String)[pri:0, instance:test.TC_003Login@38d8f54a]" started-at="2025-04-28T16:35:27 IST" name="userRegistration" data-provider="readdata" finished-at="2025-04-28T16:35:27 IST" duration-ms="250" status="PASS">
          <params>
            <param index="0">
              <value>
                <![CDATA[]]>
              </value>
            </param>
            <param index="1">
              <value>
                <![CDATA[]]>
              </value>
            </param>
            <param index="2">
              <value>
                <![CDATA[empty user and empty password field]]>
              </value>
            </param>
            <param index="3">
              <value>
                <![CDATA[Enter Username]]>
              </value>
            </param>
          </params>
          <reporter-output>
          </reporter-output>
        </test-method> <!-- userRegistration -->
        <test-method is-config="true" signature="closeBrowser()[pri:0, instance:test.TC_003Login@38d8f54a]" started-at="2025-04-28T16:35:27 IST" name="closeBrowser" finished-at="2025-04-28T16:35:27 IST" duration-ms="225" status="PASS">
          <reporter-output>
          </reporter-output>
        </test-method> <!-- closeBrowser -->
        <test-method is-config="true" signature="launchingbrowserandloadingURL(java.lang.String,java.lang.String)[pri:0, instance:test.TC_003Login@38d8f54a]" started-at="2025-04-28T16:35:27 IST" name="launchingbrowserandloadingURL" finished-at="2025-04-28T16:35:33 IST" duration-ms="5326" status="PASS">
          <params>
            <param index="0">
              <value>
                <![CDATA[https://adactinhotelapp.com/]]>
              </value>
            </param>
            <param index="1">
              <value>
                <![CDATA[Chrome]]>
              </value>
            </param>
          </params>
          <reporter-output>
          </reporter-output>
        </test-method> <!-- launchingbrowserandloadingURL -->
        <test-method signature="userRegistration(java.lang.String,java.lang.String,java.lang.String,java.lang.String)[pri:0, instance:test.TC_003Login@38d8f54a]" started-at="2025-04-28T16:35:33 IST" name="userRegistration" data-provider="readdata" finished-at="2025-04-28T16:35:33 IST" duration-ms="570" status="PASS">
          <params>
            <param index="0">
              <value>
                <![CDATA[vihansankar]]>
              </value>
            </param>
            <param index="1">
              <value>
                <![CDATA[viha]]>
              </value>
            </param>
            <param index="2">
              <value>
                <![CDATA[valid name invalid password]]>
              </value>
            </param>
            <param index="3">
              <value>
                <![CDATA[Invalid Login details or Your Password might have expired. Click here to reset your password]]>
              </value>
            </param>
          </params>
          <reporter-output>
          </reporter-output>
        </test-method> <!-- userRegistration -->
        <test-method is-config="true" signature="closeBrowser()[pri:0, instance:test.TC_003Login@38d8f54a]" started-at="2025-04-28T16:35:33 IST" name="closeBrowser" finished-at="2025-04-28T16:35:34 IST" duration-ms="121" status="PASS">
          <reporter-output>
          </reporter-output>
        </test-method> <!-- closeBrowser -->
        <test-method is-config="true" signature="reportClose()[pri:0, instance:test.TC_003Login@38d8f54a]" started-at="2025-04-28T16:35:34 IST" name="reportClose" finished-at="2025-04-28T16:35:34 IST" duration-ms="316" status="PASS">
          <reporter-output>
          </reporter-output>
        </test-method> <!-- reportClose -->
      </class> <!-- test.TC_003Login -->
    </test> <!-- Test -->
  </suite> <!-- Suite -->
  <suite started-at="2025-04-28T16:35:41 IST" name="Suite (1)" finished-at="2025-04-28T16:39:10 IST" duration-ms="209257">
    <groups>
    </groups>
    <test started-at="2025-04-28T16:35:41 IST" name="Test" finished-at="2025-04-28T16:39:10 IST" duration-ms="209257">
      <class name="test.TC_001Resgistration">
        <test-method is-config="true" signature="reportIniatialization()[pri:0, instance:test.TC_001Resgistration@30c15d8b]" started-at="2025-04-28T16:35:41 IST" name="reportIniatialization" finished-at="2025-04-28T16:35:41 IST" duration-ms="1" status="PASS">
          <reporter-output>
          </reporter-output>
        </test-method> <!-- reportIniatialization -->
        <test-method is-config="true" signature="setup()[pri:0, instance:test.TC_001Resgistration@30c15d8b]" started-at="2025-04-28T16:35:41 IST" name="setup" finished-at="2025-04-28T16:35:41 IST" duration-ms="0" status="PASS">
          <reporter-output>
          </reporter-output>
        </test-method> <!-- setup -->
        <test-method is-config="true" signature="testDetails()[pri:0, instance:test.TC_001Resgistration@30c15d8b]" started-at="2025-04-28T16:35:41 IST" name="testDetails" finished-at="2025-04-28T16:35:41 IST" duration-ms="0" status="PASS">
          <reporter-output>
          </reporter-output>
        </test-method> <!-- testDetails -->
        <test-method is-config="true" signature="launchingbrowserandloadingURL(java.lang.String,java.lang.String)[pri:0, instance:test.TC_001Resgistration@30c15d8b]" started-at="2025-04-28T16:35:41 IST" name="launchingbrowserandloadingURL" finished-at="2025-04-28T16:35:46 IST" duration-ms="4683" status="PASS">
          <params>
            <param index="0">
              <value>
                <![CDATA[https://adactinhotelapp.com/]]>
              </value>
            </param>
            <param index="1">
              <value>
                <![CDATA[Chrome]]>
              </value>
            </param>
          </params>
          <reporter-output>
          </reporter-output>
        </test-method> <!-- launchingbrowserandloadingURL -->
        <test-method signature="userRegistration(java.lang.String,java.lang.String,java.lang.String,java.lang.String,java.lang.String,java.lang.String,java.lang.String)[pri:0, instance:test.TC_001Resgistration@30c15d8b]" started-at="2025-04-28T16:35:46 IST" name="userRegistration" data-provider="readdata" finished-at="2025-04-28T16:35:57 IST" duration-ms="11318" status="FAIL">
          <params>
            <param index="0">
              <value>
                <![CDATA[Vaishnavi]]>
              </value>
            </param>
            <param index="1">
              <value>
                <![CDATA[Vaishu123]]>
              </value>
            </param>
            <param index="2">
              <value>
                <![CDATA[Vaishu123]]>
              </value>
            </param>
            <param index="3">
              <value>
                <![CDATA[Vaishnavi]]>
              </value>
            </param>
            <param index="4">
              <value>
                <![CDATA[vaishu@gmail.com]]>
              </value>
            </param>
            <param index="5">
              <value>
                <![CDATA[positive]]>
              </value>
            </param>
            <param index="6">
              <value>
                <![CDATA[Click here to login]]>
              </value>
            </param>
          </params>
          <exception class="org.openqa.selenium.NoSuchElementException">
            <message>
              <![CDATA[no such element: Unable to locate element: {"method":"link text","selector":"Click here to login"}
  (Session info: chrome=135.0.7049.114)
For documentation on this error, please visit: https://www.selenium.dev/documentation/webdriver/troubleshooting/errors#no-such-element-exception
Build info: version: '4.28.0', revision: 'ac342546e9'
System info: os.name: 'Windows 11', os.arch: 'amd64', os.version: '10.0', java.version: '21.0.6'
Driver info: org.openqa.selenium.chrome.ChromeDriver
Command: [38d09de369a223ad90a48a90039632bf, findElement {using=link text, value=Click here to login}]
Capabilities {acceptInsecureCerts: false, browserName: chrome, browserVersion: 135.0.7049.114, chrome: {chromedriverVersion: 135.0.7049.114 (63fd8a7d9d0..., userDataDir: C:\Users\ragul\AppData\Loca...}, fedcm:accounts: true, goog:chromeOptions: {debuggerAddress: localhost:60241}, networkConnectionEnabled: false, pageLoadStrategy: normal, platformName: windows, proxy: Proxy(), se:cdp: ws://localhost:60241/devtoo..., se:cdpVersion: 135.0.7049.114, setWindowRect: true, strictFileInteractability: false, timeouts: {implicit: 0, pageLoad: 300000, script: 30000}, unhandledPromptBehavior: dismiss and notify, webauthn:extension:credBlob: true, webauthn:extension:largeBlob: true, webauthn:extension:minPinLength: true, webauthn:extension:prf: true, webauthn:virtualAuthenticators: true}
Session ID: 38d09de369a223ad90a48a90039632bf]]>
            </message>
            <full-stacktrace>
              <![CDATA[org.openqa.selenium.NoSuchElementException: no such element: Unable to locate element: {"method":"link text","selector":"Click here to login"}
  (Session info: chrome=135.0.7049.114)
For documentation on this error, please visit: https://www.selenium.dev/documentation/webdriver/troubleshooting/errors#no-such-element-exception
Build info: version: '4.28.0', revision: 'ac342546e9'
System info: os.name: 'Windows 11', os.arch: 'amd64', os.version: '10.0', java.version: '21.0.6'
Driver info: org.openqa.selenium.chrome.ChromeDriver
Command: [38d09de369a223ad90a48a90039632bf, findElement {using=link text, value=Click here to login}]
Capabilities {acceptInsecureCerts: false, browserName: chrome, browserVersion: 135.0.7049.114, chrome: {chromedriverVersion: 135.0.7049.114 (63fd8a7d9d0..., userDataDir: C:\Users\ragul\AppData\Loca...}, fedcm:accounts: true, goog:chromeOptions: {debuggerAddress: localhost:60241}, networkConnectionEnabled: false, pageLoadStrategy: normal, platformName: windows, proxy: Proxy(), se:cdp: ws://localhost:60241/devtoo..., se:cdpVersion: 135.0.7049.114, setWindowRect: true, strictFileInteractability: false, timeouts: {implicit: 0, pageLoad: 300000, script: 30000}, unhandledPromptBehavior: dismiss and notify, webauthn:extension:credBlob: true, webauthn:extension:largeBlob: true, webauthn:extension:minPinLength: true, webauthn:extension:prf: true, webauthn:virtualAuthenticators: true}
Session ID: 38d09de369a223ad90a48a90039632bf
at java.base/jdk.internal.reflect.DirectConstructorHandleAccessor.newInstance(DirectConstructorHandleAccessor.java:62)
at java.base/java.lang.reflect.Constructor.newInstanceWithCaller(Constructor.java:502)
at java.base/java.lang.reflect.Constructor.newInstance(Constructor.java:486)
at org.openqa.selenium.remote.ErrorCodec.decode(ErrorCodec.java:167)
at org.openqa.selenium.remote.codec.w3c.W3CHttpResponseCodec.decode(W3CHttpResponseCodec.java:138)
at org.openqa.selenium.remote.codec.w3c.W3CHttpResponseCodec.decode(W3CHttpResponseCodec.java:50)
at org.openqa.selenium.remote.HttpCommandExecutor.execute(HttpCommandExecutor.java:215)
at org.openqa.selenium.remote.service.DriverCommandExecutor.invokeExecute(DriverCommandExecutor.java:216)
at org.openqa.selenium.remote.service.DriverCommandExecutor.execute(DriverCommandExecutor.java:174)
at org.openqa.selenium.remote.RemoteWebDriver.execute(RemoteWebDriver.java:545)
at org.openqa.selenium.remote.ElementLocation$ElementFinder$2.findElement(ElementLocation.java:165)
at org.openqa.selenium.remote.ElementLocation.findElement(ElementLocation.java:59)
at org.openqa.selenium.remote.RemoteWebDriver.findElement(RemoteWebDriver.java:368)
at org.openqa.selenium.remote.RemoteWebDriver.findElement(RemoteWebDriver.java:362)
at org.openqa.selenium.support.pagefactory.DefaultElementLocator.findElement(DefaultElementLocator.java:68)
at org.openqa.selenium.support.pagefactory.internal.LocatingElementHandler.invoke(LocatingElementHandler.java:38)
at jdk.proxy2/jdk.proxy2.$Proxy17.isDisplayed(Unknown Source)
at org.openqa.selenium.support.ui.ExpectedConditions.elementIfVisible(ExpectedConditions.java:304)
at org.openqa.selenium.support.ui.ExpectedConditions$10.apply(ExpectedConditions.java:290)
at org.openqa.selenium.support.ui.ExpectedConditions$10.apply(ExpectedConditions.java:287)
at org.openqa.selenium.support.ui.FluentWait.until(FluentWait.java:203)
at utils.Handling.fluentWait(Handling.java:35)
at pages.ValidateRegister.validateRegister(ValidateRegister.java:47)
at test.TC_001Resgistration.userRegistration(TC_001Resgistration.java:32)
at java.base/jdk.internal.reflect.DirectMethodHandleAccessor.invoke(DirectMethodHandleAccessor.java:103)
at java.base/java.lang.reflect.Method.invoke(Method.java:580)
at org.testng.internal.invokers.MethodInvocationHelper.invokeMethod(MethodInvocationHelper.java:139)
at org.testng.internal.invokers.TestInvoker.invokeMethod(TestInvoker.java:664)
at org.testng.internal.invokers.TestInvoker.invokeTestMethod(TestInvoker.java:227)
at org.testng.internal.invokers.MethodRunner.runInSequence(MethodRunner.java:50)
at org.testng.internal.invokers.TestInvoker$MethodInvocationAgent.invoke(TestInvoker.java:957)
at org.testng.internal.invokers.TestInvoker.invokeTestMethods(TestInvoker.java:200)
at org.testng.internal.invokers.TestMethodWorker.invokeTestMethods(TestMethodWorker.java:148)
at org.testng.internal.invokers.TestMethodWorker.run(TestMethodWorker.java:128)
at java.base/java.util.ArrayList.forEach(ArrayList.java:1596)
at org.testng.TestRunner.privateRun(TestRunner.java:848)
at org.testng.TestRunner.run(TestRunner.java:621)
at org.testng.SuiteRunner.runTest(SuiteRunner.java:443)
at org.testng.SuiteRunner.runSequentially(SuiteRunner.java:437)
at org.testng.SuiteRunner.privateRun(SuiteRunner.java:397)
at org.testng.SuiteRunner.run(SuiteRunner.java:336)
at org.testng.SuiteRunnerWorker.runSuite(SuiteRunnerWorker.java:52)
at org.testng.SuiteRunnerWorker.run(SuiteRunnerWorker.java:95)
at org.testng.TestNG.runSuitesSequentially(TestNG.java:1280)
at org.testng.TestNG.runSuitesLocally(TestNG.java:1200)
at org.testng.TestNG.runSuites(TestNG.java:1114)
at org.testng.TestNG.run(TestNG.java:1082)
at org.apache.maven.surefire.testng.TestNGExecutor.run(TestNGExecutor.java:308)
at org.apache.maven.surefire.testng.TestNGXmlTestSuite.execute(TestNGXmlTestSuite.java:71)
at org.apache.maven.surefire.testng.TestNGProvider.invoke(TestNGProvider.java:113)
at org.apache.maven.surefire.booter.ForkedBooter.runSuitesInProcess(ForkedBooter.java:385)
at org.apache.maven.surefire.booter.ForkedBooter.execute(ForkedBooter.java:162)
at org.apache.maven.surefire.booter.ForkedBooter.run(ForkedBooter.java:507)
at org.apache.maven.surefire.booter.ForkedBooter.main(ForkedBooter.java:495)
]]>
            </full-stacktrace>
          </exception> <!-- org.openqa.selenium.NoSuchElementException -->
          <reporter-output>
          </reporter-output>
        </test-method> <!-- userRegistration -->
        <test-method is-config="true" signature="closeBrowser()[pri:0, instance:test.TC_001Resgistration@30c15d8b]" started-at="2025-04-28T16:35:57 IST" name="closeBrowser" finished-at="2025-04-28T16:35:57 IST" duration-ms="164" status="PASS">
          <reporter-output>
          </reporter-output>
        </test-method> <!-- closeBrowser -->
        <test-method is-config="true" signature="launchingbrowserandloadingURL(java.lang.String,java.lang.String)[pri:0, instance:test.TC_001Resgistration@30c15d8b]" started-at="2025-04-28T16:35:57 IST" name="launchingbrowserandloadingURL" finished-at="2025-04-28T16:36:03 IST" duration-ms="5590" status="PASS">
          <params>
            <param index="0">
              <value>
                <![CDATA[https://adactinhotelapp.com/]]>
              </value>
            </param>
            <param index="1">
              <value>
                <![CDATA[Chrome]]>
              </value>
            </param>
          </params>
          <reporter-output>
          </reporter-output>
        </test-method> <!-- launchingbrowserandloadingURL -->
        <test-method signature="userRegistration(java.lang.String,java.lang.String,java.lang.String,java.lang.String,java.lang.String,java.lang.String,java.lang.String)[pri:0, instance:test.TC_001Resgistration@30c15d8b]" started-at="2025-04-28T16:36:03 IST" name="userRegistration" data-provider="readdata" finished-at="2025-04-28T16:36:35 IST" duration-ms="31778" status="FAIL">
          <params>
            <param index="0">
              <value>
                <![CDATA[Nandhini]]>
              </value>
            </param>
            <param index="1">
              <value>
                <![CDATA[nandh#123]]>
              </value>
            </param>
            <param index="2">
              <value>
                <![CDATA[nandh#123]]>
              </value>
            </param>
            <param index="3">
              <value>
                <![CDATA[Nandhini]]>
              </value>
            </param>
            <param index="4">
              <value>
                <![CDATA[vaishu@gmail.com]]>
              </value>
            </param>
            <param index="5">
              <value>
                <![CDATA[existing  mailid]]>
              </value>
            </param>
            <param index="6">
              <value>
                <![CDATA[Email address is already in use]]>
              </value>
            </param>
          </params>
          <exception class="org.openqa.selenium.TimeoutException">
            <message>
              <![CDATA[Expected condition failed: waiting for visibility of [[ChromeDriver: chrome on windows (63cd4183b2af3f32ec86b05930da9733)] -> id: email_add_span] (tried for 30 second(s) with 5000 milliseconds interval)
Build info: version: '4.28.0', revision: 'ac342546e9'
System info: os.name: 'Windows 11', os.arch: 'amd64', os.version: '10.0', java.version: '21.0.6'
Driver info: driver.version: unknown]]>
            </message>
            <full-stacktrace>
              <![CDATA[org.openqa.selenium.TimeoutException: Expected condition failed: waiting for visibility of [[ChromeDriver: chrome on windows (63cd4183b2af3f32ec86b05930da9733)] -> id: email_add_span] (tried for 30 second(s) with 5000 milliseconds interval)
Build info: version: '4.28.0', revision: 'ac342546e9'
System info: os.name: 'Windows 11', os.arch: 'amd64', os.version: '10.0', java.version: '21.0.6'
Driver info: driver.version: unknown
at org.openqa.selenium.support.ui.FluentWait.timeoutException(FluentWait.java:265)
at org.openqa.selenium.support.ui.FluentWait.until(FluentWait.java:228)
at utils.Handling.fluentWait(Handling.java:35)
at pages.ValidateRegister.validateRegister(ValidateRegister.java:53)
at test.TC_001Resgistration.userRegistration(TC_001Resgistration.java:32)
at java.base/jdk.internal.reflect.DirectMethodHandleAccessor.invoke(DirectMethodHandleAccessor.java:103)
at java.base/java.lang.reflect.Method.invoke(Method.java:580)
at org.testng.internal.invokers.MethodInvocationHelper.invokeMethod(MethodInvocationHelper.java:139)
at org.testng.internal.invokers.TestInvoker.invokeMethod(TestInvoker.java:664)
at org.testng.internal.invokers.TestInvoker.invokeTestMethod(TestInvoker.java:227)
at org.testng.internal.invokers.MethodRunner.runInSequence(MethodRunner.java:50)
at org.testng.internal.invokers.TestInvoker$MethodInvocationAgent.invoke(TestInvoker.java:957)
at org.testng.internal.invokers.TestInvoker.invokeTestMethods(TestInvoker.java:200)
at org.testng.internal.invokers.TestMethodWorker.invokeTestMethods(TestMethodWorker.java:148)
at org.testng.internal.invokers.TestMethodWorker.run(TestMethodWorker.java:128)
at java.base/java.util.ArrayList.forEach(ArrayList.java:1596)
at org.testng.TestRunner.privateRun(TestRunner.java:848)
at org.testng.TestRunner.run(TestRunner.java:621)
at org.testng.SuiteRunner.runTest(SuiteRunner.java:443)
at org.testng.SuiteRunner.runSequentially(SuiteRunner.java:437)
at org.testng.SuiteRunner.privateRun(SuiteRunner.java:397)
at org.testng.SuiteRunner.run(SuiteRunner.java:336)
at org.testng.SuiteRunnerWorker.runSuite(SuiteRunnerWorker.java:52)
at org.testng.SuiteRunnerWorker.run(SuiteRunnerWorker.java:95)
at org.testng.TestNG.runSuitesSequentially(TestNG.java:1280)
at org.testng.TestNG.runSuitesLocally(TestNG.java:1200)
at org.testng.TestNG.runSuites(TestNG.java:1114)
at org.testng.TestNG.run(TestNG.java:1082)
at org.apache.maven.surefire.testng.TestNGExecutor.run(TestNGExecutor.java:308)
at org.apache.maven.surefire.testng.TestNGXmlTestSuite.execute(TestNGXmlTestSuite.java:71)
at org.apache.maven.surefire.testng.TestNGProvider.invoke(TestNGProvider.java:113)
at org.apache.maven.surefire.booter.ForkedBooter.runSuitesInProcess(ForkedBooter.java:385)
at org.apache.maven.surefire.booter.ForkedBooter.execute(ForkedBooter.java:162)
at org.apache.maven.surefire.booter.ForkedBooter.run(ForkedBooter.java:507)
at org.apache.maven.surefire.booter.ForkedBooter.main(ForkedBooter.java:495)
]]>
            </full-stacktrace>
          </exception> <!-- org.openqa.selenium.TimeoutException -->
          <reporter-output>
          </reporter-output>
        </test-method> <!-- userRegistration -->
        <test-method is-config="true" signature="closeBrowser()[pri:0, instance:test.TC_001Resgistration@30c15d8b]" started-at="2025-04-28T16:36:35 IST" name="closeBrowser" finished-at="2025-04-28T16:36:35 IST" duration-ms="377" status="PASS">
          <reporter-output>
          </reporter-output>
        </test-method> <!-- closeBrowser -->
        <test-method is-config="true" signature="launchingbrowserandloadingURL(java.lang.String,java.lang.String)[pri:0, instance:test.TC_001Resgistration@30c15d8b]" started-at="2025-04-28T16:36:35 IST" name="launchingbrowserandloadingURL" finished-at="2025-04-28T16:36:46 IST" duration-ms="11120" status="PASS">
          <params>
            <param index="0">
              <value>
                <![CDATA[https://adactinhotelapp.com/]]>
              </value>
            </param>
            <param index="1">
              <value>
                <![CDATA[Chrome]]>
              </value>
            </param>
          </params>
          <reporter-output>
          </reporter-output>
        </test-method> <!-- launchingbrowserandloadingURL -->
        <test-method signature="userRegistration(java.lang.String,java.lang.String,java.lang.String,java.lang.String,java.lang.String,java.lang.String,java.lang.String)[pri:0, instance:test.TC_001Resgistration@30c15d8b]" started-at="2025-04-28T16:36:46 IST" name="userRegistration" data-provider="readdata" finished-at="2025-04-28T16:36:48 IST" duration-ms="1556" status="PASS">
          <params>
            <param index="0">
              <value>
                <![CDATA[Rish]]>
              </value>
            </param>
            <param index="1">
              <value>
                <![CDATA[Rish_654]]>
              </value>
            </param>
            <param index="2">
              <value>
                <![CDATA[Rish_654]]>
              </value>
            </param>
            <param index="3">
              <value>
                <![CDATA[Rishikumar]]>
              </value>
            </param>
            <param index="4">
              <value>
                <![CDATA[rishikumar@kmail.com]]>
              </value>
            </param>
            <param index="5">
              <value>
                <![CDATA[Less Than 8 character]]>
              </value>
            </param>
            <param index="6">
              <value>
                <![CDATA[Username must contain minimum 8 characters]]>
              </value>
            </param>
          </params>
          <reporter-output>
          </reporter-output>
        </test-method> <!-- userRegistration -->
        <test-method is-config="true" signature="closeBrowser()[pri:0, instance:test.TC_001Resgistration@30c15d8b]" started-at="2025-04-28T16:36:48 IST" name="closeBrowser" finished-at="2025-04-28T16:36:48 IST" duration-ms="140" status="PASS">
          <reporter-output>
          </reporter-output>
        </test-method> <!-- closeBrowser -->
        <test-method is-config="true" signature="launchingbrowserandloadingURL(java.lang.String,java.lang.String)[pri:0, instance:test.TC_001Resgistration@30c15d8b]" started-at="2025-04-28T16:36:48 IST" name="launchingbrowserandloadingURL" finished-at="2025-04-28T16:36:54 IST" duration-ms="5514" status="PASS">
          <params>
            <param index="0">
              <value>
                <![CDATA[https://adactinhotelapp.com/]]>
              </value>
            </param>
            <param index="1">
              <value>
                <![CDATA[Chrome]]>
              </value>
            </param>
          </params>
          <reporter-output>
          </reporter-output>
        </test-method> <!-- launchingbrowserandloadingURL -->
        <test-method signature="userRegistration(java.lang.String,java.lang.String,java.lang.String,java.lang.String,java.lang.String,java.lang.String,java.lang.String)[pri:0, instance:test.TC_001Resgistration@30c15d8b]" started-at="2025-04-28T16:36:54 IST" name="userRegistration" data-provider="readdata" finished-at="2025-04-28T16:36:55 IST" duration-ms="1318" status="PASS">
          <params>
            <param index="0">
              <value>
                <![CDATA[]]>
              </value>
            </param>
            <param index="1">
              <value>
                <![CDATA[jana987]]>
              </value>
            </param>
            <param index="2">
              <value>
                <![CDATA[jana987]]>
              </value>
            </param>
            <param index="3">
              <value>
                <![CDATA[Janathan]]>
              </value>
            </param>
            <param index="4">
              <value>
                <![CDATA[janathan@kmail.com]]>
              </value>
            </param>
            <param index="5">
              <value>
                <![CDATA[Username field empty]]>
              </value>
            </param>
            <param index="6">
              <value>
                <![CDATA[Username is Empty]]>
              </value>
            </param>
          </params>
          <reporter-output>
          </reporter-output>
        </test-method> <!-- userRegistration -->
        <test-method is-config="true" signature="closeBrowser()[pri:0, instance:test.TC_001Resgistration@30c15d8b]" started-at="2025-04-28T16:36:55 IST" name="closeBrowser" finished-at="2025-04-28T16:36:55 IST" duration-ms="158" status="PASS">
          <reporter-output>
          </reporter-output>
        </test-method> <!-- closeBrowser -->
        <test-method is-config="true" signature="launchingbrowserandloadingURL(java.lang.String,java.lang.String)[pri:0, instance:test.TC_001Resgistration@30c15d8b]" started-at="2025-04-28T16:36:55 IST" name="launchingbrowserandloadingURL" finished-at="2025-04-28T16:37:01 IST" duration-ms="5939" status="PASS">
          <params>
            <param index="0">
              <value>
                <![CDATA[https://adactinhotelapp.com/]]>
              </value>
            </param>
            <param index="1">
              <value>
                <![CDATA[Chrome]]>
              </value>
            </param>
          </params>
          <reporter-output>
          </reporter-output>
        </test-method> <!-- launchingbrowserandloadingURL -->
        <test-method signature="userRegistration(java.lang.String,java.lang.String,java.lang.String,java.lang.String,java.lang.String,java.lang.String,java.lang.String)[pri:0, instance:test.TC_001Resgistration@30c15d8b]" started-at="2025-04-28T16:37:01 IST" name="userRegistration" data-provider="readdata" finished-at="2025-04-28T16:37:03 IST" duration-ms="1333" status="PASS">
          <params>
            <param index="0">
              <value>
                <![CDATA[Penelope]]>
              </value>
            </param>
            <param index="1">
              <value>
                <![CDATA[pen]]>
              </value>
            </param>
            <param index="2">
              <value>
                <![CDATA[pen]]>
              </value>
            </param>
            <param index="3">
              <value>
                <![CDATA[Penelope]]>
              </value>
            </param>
            <param index="4">
              <value>
                <![CDATA[penelop@kmail.com]]>
              </value>
            </param>
            <param index="5">
              <value>
                <![CDATA[Less Than 6 character]]>
              </value>
            </param>
            <param index="6">
              <value>
                <![CDATA[Password must contain minimum 6 characters]]>
              </value>
            </param>
          </params>
          <reporter-output>
          </reporter-output>
        </test-method> <!-- userRegistration -->
        <test-method is-config="true" signature="closeBrowser()[pri:0, instance:test.TC_001Resgistration@30c15d8b]" started-at="2025-04-28T16:37:03 IST" name="closeBrowser" finished-at="2025-04-28T16:37:03 IST" duration-ms="124" status="PASS">
          <reporter-output>
          </reporter-output>
        </test-method> <!-- closeBrowser -->
        <test-method is-config="true" signature="launchingbrowserandloadingURL(java.lang.String,java.lang.String)[pri:0, instance:test.TC_001Resgistration@30c15d8b]" started-at="2025-04-28T16:37:03 IST" name="launchingbrowserandloadingURL" finished-at="2025-04-28T16:37:08 IST" duration-ms="5473" status="PASS">
          <params>
            <param index="0">
              <value>
                <![CDATA[https://adactinhotelapp.com/]]>
              </value>
            </param>
            <param index="1">
              <value>
                <![CDATA[Chrome]]>
              </value>
            </param>
          </params>
          <reporter-output>
          </reporter-output>
        </test-method> <!-- launchingbrowserandloadingURL -->
        <test-method signature="userRegistration(java.lang.String,java.lang.String,java.lang.String,java.lang.String,java.lang.String,java.lang.String,java.lang.String)[pri:0, instance:test.TC_001Resgistration@30c15d8b]" started-at="2025-04-28T16:37:08 IST" name="userRegistration" data-provider="readdata" finished-at="2025-04-28T16:37:10 IST" duration-ms="1386" status="PASS">
          <params>
            <param index="0">
              <value>
                <![CDATA[Valentina]]>
              </value>
            </param>
            <param index="1">
              <value>
                <![CDATA[valent#12]]>
              </value>
            </param>
            <param index="2">
              <value>
                <![CDATA[valen]]>
              </value>
            </param>
            <param index="3">
              <value>
                <![CDATA[velantena]]>
              </value>
            </param>
            <param index="4">
              <value>
                <![CDATA[valentena@kmail.com]]>
              </value>
            </param>
            <param index="5">
              <value>
                <![CDATA[mismatch Password]]>
              </value>
            </param>
            <param index="6">
              <value>
                <![CDATA[Passwords Do Not Match]]>
              </value>
            </param>
          </params>
          <reporter-output>
          </reporter-output>
        </test-method> <!-- userRegistration -->
        <test-method is-config="true" signature="closeBrowser()[pri:0, instance:test.TC_001Resgistration@30c15d8b]" started-at="2025-04-28T16:37:10 IST" name="closeBrowser" finished-at="2025-04-28T16:37:10 IST" duration-ms="191" status="PASS">
          <reporter-output>
          </reporter-output>
        </test-method> <!-- closeBrowser -->
        <test-method is-config="true" signature="launchingbrowserandloadingURL(java.lang.String,java.lang.String)[pri:0, instance:test.TC_001Resgistration@30c15d8b]" started-at="2025-04-28T16:37:10 IST" name="launchingbrowserandloadingURL" finished-at="2025-04-28T16:37:15 IST" duration-ms="5219" status="PASS">
          <params>
            <param index="0">
              <value>
                <![CDATA[https://adactinhotelapp.com/]]>
              </value>
            </param>
            <param index="1">
              <value>
                <![CDATA[Chrome]]>
              </value>
            </param>
          </params>
          <reporter-output>
          </reporter-output>
        </test-method> <!-- launchingbrowserandloadingURL -->
        <test-method signature="userRegistration(java.lang.String,java.lang.String,java.lang.String,java.lang.String,java.lang.String,java.lang.String,java.lang.String)[pri:0, instance:test.TC_001Resgistration@30c15d8b]" started-at="2025-04-28T16:37:15 IST" name="userRegistration" data-provider="readdata" finished-at="2025-04-28T16:37:17 IST" duration-ms="1387" status="PASS">
          <params>
            <param index="0">
              <value>
                <![CDATA[Deekshasiva]]>
              </value>
            </param>
            <param index="1">
              <value>
                <![CDATA[]]>
              </value>
            </param>
            <param index="2">
              <value>
                <![CDATA[deeksha]]>
              </value>
            </param>
            <param index="3">
              <value>
                <![CDATA[Deeksha]]>
              </value>
            </param>
            <param index="4">
              <value>
                <![CDATA[deeksha@kmail.com]]>
              </value>
            </param>
            <param index="5">
              <value>
                <![CDATA[password field is Empty]]>
              </value>
            </param>
            <param index="6">
              <value>
                <![CDATA[Password is Empty]]>
              </value>
            </param>
          </params>
          <reporter-output>
          </reporter-output>
        </test-method> <!-- userRegistration -->
        <test-method is-config="true" signature="closeBrowser()[pri:0, instance:test.TC_001Resgistration@30c15d8b]" started-at="2025-04-28T16:37:17 IST" name="closeBrowser" finished-at="2025-04-28T16:37:17 IST" duration-ms="93" status="PASS">
          <reporter-output>
          </reporter-output>
        </test-method> <!-- closeBrowser -->
        <test-method is-config="true" signature="launchingbrowserandloadingURL(java.lang.String,java.lang.String)[pri:0, instance:test.TC_001Resgistration@30c15d8b]" started-at="2025-04-28T16:37:17 IST" name="launchingbrowserandloadingURL" finished-at="2025-04-28T16:37:23 IST" duration-ms="6398" status="PASS">
          <params>
            <param index="0">
              <value>
                <![CDATA[https://adactinhotelapp.com/]]>
              </value>
            </param>
            <param index="1">
              <value>
                <![CDATA[Chrome]]>
              </value>
            </param>
          </params>
          <reporter-output>
          </reporter-output>
        </test-method> <!-- launchingbrowserandloadingURL -->
        <test-method signature="userRegistration(java.lang.String,java.lang.String,java.lang.String,java.lang.String,java.lang.String,java.lang.String,java.lang.String)[pri:0, instance:test.TC_001Resgistration@30c15d8b]" started-at="2025-04-28T16:37:23 IST" name="userRegistration" data-provider="readdata" finished-at="2025-04-28T16:37:25 IST" duration-ms="1519" status="PASS">
          <params>
            <param index="0">
              <value>
                <![CDATA[GunaSekar]]>
              </value>
            </param>
            <param index="1">
              <value>
                <![CDATA[guna123]]>
              </value>
            </param>
            <param index="2">
              <value>
                <![CDATA[]]>
              </value>
            </param>
            <param index="3">
              <value>
                <![CDATA[Guna]]>
              </value>
            </param>
            <param index="4">
              <value>
                <![CDATA[Guna23@kmail.com]]>
              </value>
            </param>
            <param index="5">
              <value>
                <![CDATA[Confirm pwd field empty]]>
              </value>
            </param>
            <param index="6">
              <value>
                <![CDATA[Confirm Password is Empty]]>
              </value>
            </param>
          </params>
          <reporter-output>
          </reporter-output>
        </test-method> <!-- userRegistration -->
        <test-method is-config="true" signature="closeBrowser()[pri:0, instance:test.TC_001Resgistration@30c15d8b]" started-at="2025-04-28T16:37:25 IST" name="closeBrowser" finished-at="2025-04-28T16:37:25 IST" duration-ms="97" status="PASS">
          <reporter-output>
          </reporter-output>
        </test-method> <!-- closeBrowser -->
        <test-method is-config="true" signature="launchingbrowserandloadingURL(java.lang.String,java.lang.String)[pri:0, instance:test.TC_001Resgistration@30c15d8b]" started-at="2025-04-28T16:37:25 IST" name="launchingbrowserandloadingURL" finished-at="2025-04-28T16:37:31 IST" duration-ms="5473" status="PASS">
          <params>
            <param index="0">
              <value>
                <![CDATA[https://adactinhotelapp.com/]]>
              </value>
            </param>
            <param index="1">
              <value>
                <![CDATA[Chrome]]>
              </value>
            </param>
          </params>
          <reporter-output>
          </reporter-output>
        </test-method> <!-- launchingbrowserandloadingURL -->
        <test-method signature="userRegistration(java.lang.String,java.lang.String,java.lang.String,java.lang.String,java.lang.String,java.lang.String,java.lang.String)[pri:0, instance:test.TC_001Resgistration@30c15d8b]" started-at="2025-04-28T16:37:31 IST" name="userRegistration" data-provider="readdata" finished-at="2025-04-28T16:37:32 IST" duration-ms="1464" status="PASS">
          <params>
            <param index="0">
              <value>
                <![CDATA[Umapathy65]]>
              </value>
            </param>
            <param index="1">
              <value>
                <![CDATA[uma123]]>
              </value>
            </param>
            <param index="2">
              <value>
                <![CDATA[uma123]]>
              </value>
            </param>
            <param index="3">
              <value>
                <![CDATA[]]>
              </value>
            </param>
            <param index="4">
              <value>
                <![CDATA[uma@kmail.com]]>
              </value>
            </param>
            <param index="5">
              <value>
                <![CDATA[Full name field is empty]]>
              </value>
            </param>
            <param index="6">
              <value>
                <![CDATA[Full Name is Empty]]>
              </value>
            </param>
          </params>
          <reporter-output>
          </reporter-output>
        </test-method> <!-- userRegistration -->
        <test-method is-config="true" signature="closeBrowser()[pri:0, instance:test.TC_001Resgistration@30c15d8b]" started-at="2025-04-28T16:37:32 IST" name="closeBrowser" finished-at="2025-04-28T16:37:32 IST" duration-ms="129" status="PASS">
          <reporter-output>
          </reporter-output>
        </test-method> <!-- closeBrowser -->
        <test-method is-config="true" signature="launchingbrowserandloadingURL(java.lang.String,java.lang.String)[pri:0, instance:test.TC_001Resgistration@30c15d8b]" started-at="2025-04-28T16:37:32 IST" name="launchingbrowserandloadingURL" finished-at="2025-04-28T16:37:38 IST" duration-ms="5962" status="PASS">
          <params>
            <param index="0">
              <value>
                <![CDATA[https://adactinhotelapp.com/]]>
              </value>
            </param>
            <param index="1">
              <value>
                <![CDATA[Chrome]]>
              </value>
            </param>
          </params>
          <reporter-output>
          </reporter-output>
        </test-method> <!-- launchingbrowserandloadingURL -->
        <test-method signature="userRegistration(java.lang.String,java.lang.String,java.lang.String,java.lang.String,java.lang.String,java.lang.String,java.lang.String)[pri:0, instance:test.TC_001Resgistration@30c15d8b]" started-at="2025-04-28T16:37:38 IST" name="userRegistration" data-provider="readdata" finished-at="2025-04-28T16:37:40 IST" duration-ms="1293" status="PASS">
          <params>
            <param index="0">
              <value>
                <![CDATA[Premchand]]>
              </value>
            </param>
            <param index="1">
              <value>
                <![CDATA[&prem23]]>
              </value>
            </param>
            <param index="2">
              <value>
                <![CDATA[&prem123]]>
              </value>
            </param>
            <param index="3">
              <value>
                <![CDATA[Prem]]>
              </value>
            </param>
            <param index="4">
              <value>
                <![CDATA[]]>
              </value>
            </param>
            <param index="5">
              <value>
                <![CDATA[Email field is Empty]]>
              </value>
            </param>
            <param index="6">
              <value>
                <![CDATA[Email Address is Empty]]>
              </value>
            </param>
          </params>
          <reporter-output>
          </reporter-output>
        </test-method> <!-- userRegistration -->
        <test-method is-config="true" signature="closeBrowser()[pri:0, instance:test.TC_001Resgistration@30c15d8b]" started-at="2025-04-28T16:37:40 IST" name="closeBrowser" finished-at="2025-04-28T16:37:40 IST" duration-ms="100" status="PASS">
          <reporter-output>
          </reporter-output>
        </test-method> <!-- closeBrowser -->
        <test-method is-config="true" signature="launchingbrowserandloadingURL(java.lang.String,java.lang.String)[pri:0, instance:test.TC_001Resgistration@30c15d8b]" started-at="2025-04-28T16:37:40 IST" name="launchingbrowserandloadingURL" finished-at="2025-04-28T16:37:44 IST" duration-ms="4503" status="PASS">
          <params>
            <param index="0">
              <value>
                <![CDATA[https://adactinhotelapp.com/]]>
              </value>
            </param>
            <param index="1">
              <value>
                <![CDATA[Chrome]]>
              </value>
            </param>
          </params>
          <reporter-output>
          </reporter-output>
        </test-method> <!-- launchingbrowserandloadingURL -->
        <test-method signature="userRegistration(java.lang.String,java.lang.String,java.lang.String,java.lang.String,java.lang.String,java.lang.String,java.lang.String)[pri:0, instance:test.TC_001Resgistration@30c15d8b]" started-at="2025-04-28T16:37:44 IST" name="userRegistration" data-provider="readdata" finished-at="2025-04-28T16:37:46 IST" duration-ms="1323" status="PASS">
          <params>
            <param index="0">
              <value>
                <![CDATA[SarimKhan]]>
              </value>
            </param>
            <param index="1">
              <value>
                <![CDATA[sarim432]]>
              </value>
            </param>
            <param index="2">
              <value>
                <![CDATA[sarim432]]>
              </value>
            </param>
            <param index="3">
              <value>
                <![CDATA[Sarim]]>
              </value>
            </param>
            <param index="4">
              <value>
                <![CDATA[sarim@kmail]]>
              </value>
            </param>
            <param index="5">
              <value>
                <![CDATA[invalid email format]]>
              </value>
            </param>
            <param index="6">
              <value>
                <![CDATA[Invalid email, Please enter correct email.]]>
              </value>
            </param>
          </params>
          <reporter-output>
          </reporter-output>
        </test-method> <!-- userRegistration -->
        <test-method is-config="true" signature="closeBrowser()[pri:0, instance:test.TC_001Resgistration@30c15d8b]" started-at="2025-04-28T16:37:46 IST" name="closeBrowser" finished-at="2025-04-28T16:37:46 IST" duration-ms="87" status="PASS">
          <reporter-output>
          </reporter-output>
        </test-method> <!-- closeBrowser -->
        <test-method is-config="true" signature="launchingbrowserandloadingURL(java.lang.String,java.lang.String)[pri:0, instance:test.TC_001Resgistration@30c15d8b]" started-at="2025-04-28T16:37:46 IST" name="launchingbrowserandloadingURL" finished-at="2025-04-28T16:37:52 IST" duration-ms="6034" status="PASS">
          <params>
            <param index="0">
              <value>
                <![CDATA[https://adactinhotelapp.com/]]>
              </value>
            </param>
            <param index="1">
              <value>
                <![CDATA[Chrome]]>
              </value>
            </param>
          </params>
          <reporter-output>
          </reporter-output>
        </test-method> <!-- launchingbrowserandloadingURL -->
        <test-method signature="userRegistration(java.lang.String,java.lang.String,java.lang.String,java.lang.String,java.lang.String,java.lang.String,java.lang.String)[pri:0, instance:test.TC_001Resgistration@30c15d8b]" started-at="2025-04-28T16:37:52 IST" name="userRegistration" data-provider="readdata" finished-at="2025-04-28T16:38:24 IST" duration-ms="32045" status="FAIL">
          <params>
            <param index="0">
              <value>
                <![CDATA[Jeyasrisankar]]>
              </value>
            </param>
            <param index="1">
              <value>
                <![CDATA[jeya678]]>
              </value>
            </param>
            <param index="2">
              <value>
                <![CDATA[jeya678]]>
              </value>
            </param>
            <param index="3">
              <value>
                <![CDATA[Jeyasri]]>
              </value>
            </param>
            <param index="4">
              <value>
                <![CDATA[jeyasri@kmail.com]]>
              </value>
            </param>
            <param index="5">
              <value>
                <![CDATA[Existing Username]]>
              </value>
            </param>
            <param index="6">
              <value>
                <![CDATA[This username is alredy available]]>
              </value>
            </param>
          </params>
          <exception class="org.openqa.selenium.TimeoutException">
            <message>
              <![CDATA[Expected condition failed: waiting for visibility of [[ChromeDriver: chrome on windows (b0ad671caebb4b7c32cf65bbfc25e659)] -> id: username_span] (tried for 30 second(s) with 5000 milliseconds interval)
Build info: version: '4.28.0', revision: 'ac342546e9'
System info: os.name: 'Windows 11', os.arch: 'amd64', os.version: '10.0', java.version: '21.0.6'
Driver info: driver.version: unknown]]>
            </message>
            <full-stacktrace>
              <![CDATA[org.openqa.selenium.TimeoutException: Expected condition failed: waiting for visibility of [[ChromeDriver: chrome on windows (b0ad671caebb4b7c32cf65bbfc25e659)] -> id: username_span] (tried for 30 second(s) with 5000 milliseconds interval)
Build info: version: '4.28.0', revision: 'ac342546e9'
System info: os.name: 'Windows 11', os.arch: 'amd64', os.version: '10.0', java.version: '21.0.6'
Driver info: driver.version: unknown
at org.openqa.selenium.support.ui.FluentWait.timeoutException(FluentWait.java:265)
at org.openqa.selenium.support.ui.FluentWait.until(FluentWait.java:228)
at utils.Handling.fluentWait(Handling.java:35)
at pages.ValidateRegister.validateRegister(ValidateRegister.java:113)
at test.TC_001Resgistration.userRegistration(TC_001Resgistration.java:32)
at java.base/jdk.internal.reflect.DirectMethodHandleAccessor.invoke(DirectMethodHandleAccessor.java:103)
at java.base/java.lang.reflect.Method.invoke(Method.java:580)
at org.testng.internal.invokers.MethodInvocationHelper.invokeMethod(MethodInvocationHelper.java:139)
at org.testng.internal.invokers.TestInvoker.invokeMethod(TestInvoker.java:664)
at org.testng.internal.invokers.TestInvoker.invokeTestMethod(TestInvoker.java:227)
at org.testng.internal.invokers.MethodRunner.runInSequence(MethodRunner.java:50)
at org.testng.internal.invokers.TestInvoker$MethodInvocationAgent.invoke(TestInvoker.java:957)
at org.testng.internal.invokers.TestInvoker.invokeTestMethods(TestInvoker.java:200)
at org.testng.internal.invokers.TestMethodWorker.invokeTestMethods(TestMethodWorker.java:148)
at org.testng.internal.invokers.TestMethodWorker.run(TestMethodWorker.java:128)
at java.base/java.util.ArrayList.forEach(ArrayList.java:1596)
at org.testng.TestRunner.privateRun(TestRunner.java:848)
at org.testng.TestRunner.run(TestRunner.java:621)
at org.testng.SuiteRunner.runTest(SuiteRunner.java:443)
at org.testng.SuiteRunner.runSequentially(SuiteRunner.java:437)
at org.testng.SuiteRunner.privateRun(SuiteRunner.java:397)
at org.testng.SuiteRunner.run(SuiteRunner.java:336)
at org.testng.SuiteRunnerWorker.runSuite(SuiteRunnerWorker.java:52)
at org.testng.SuiteRunnerWorker.run(SuiteRunnerWorker.java:95)
at org.testng.TestNG.runSuitesSequentially(TestNG.java:1280)
at org.testng.TestNG.runSuitesLocally(TestNG.java:1200)
at org.testng.TestNG.runSuites(TestNG.java:1114)
at org.testng.TestNG.run(TestNG.java:1082)
at org.apache.maven.surefire.testng.TestNGExecutor.run(TestNGExecutor.java:308)
at org.apache.maven.surefire.testng.TestNGXmlTestSuite.execute(TestNGXmlTestSuite.java:71)
at org.apache.maven.surefire.testng.TestNGProvider.invoke(TestNGProvider.java:113)
at org.apache.maven.surefire.booter.ForkedBooter.runSuitesInProcess(ForkedBooter.java:385)
at org.apache.maven.surefire.booter.ForkedBooter.execute(ForkedBooter.java:162)
at org.apache.maven.surefire.booter.ForkedBooter.run(ForkedBooter.java:507)
at org.apache.maven.surefire.booter.ForkedBooter.main(ForkedBooter.java:495)
]]>
            </full-stacktrace>
          </exception> <!-- org.openqa.selenium.TimeoutException -->
          <reporter-output>
          </reporter-output>
        </test-method> <!-- userRegistration -->
        <test-method is-config="true" signature="closeBrowser()[pri:0, instance:test.TC_001Resgistration@30c15d8b]" started-at="2025-04-28T16:38:24 IST" name="closeBrowser" finished-at="2025-04-28T16:38:24 IST" duration-ms="172" status="PASS">
          <reporter-output>
          </reporter-output>
        </test-method> <!-- closeBrowser -->
        <test-method is-config="true" signature="launchingbrowserandloadingURL(java.lang.String,java.lang.String)[pri:0, instance:test.TC_001Resgistration@30c15d8b]" started-at="2025-04-28T16:38:24 IST" name="launchingbrowserandloadingURL" finished-at="2025-04-28T16:38:31 IST" duration-ms="6342" status="PASS">
          <params>
            <param index="0">
              <value>
                <![CDATA[https://adactinhotelapp.com/]]>
              </value>
            </param>
            <param index="1">
              <value>
                <![CDATA[Chrome]]>
              </value>
            </param>
          </params>
          <reporter-output>
          </reporter-output>
        </test-method> <!-- launchingbrowserandloadingURL -->
        <test-method signature="userRegistration(java.lang.String,java.lang.String,java.lang.String,java.lang.String,java.lang.String,java.lang.String,java.lang.String)[pri:0, instance:test.TC_001Resgistration@30c15d8b]" started-at="2025-04-28T16:38:31 IST" name="userRegistration" data-provider="readdata" finished-at="2025-04-28T16:38:32 IST" duration-ms="1244" status="PASS">
          <params>
            <param index="0">
              <value>
                <![CDATA[]]>
              </value>
            </param>
            <param index="1">
              <value>
                <![CDATA[]]>
              </value>
            </param>
            <param index="2">
              <value>
                <![CDATA[]]>
              </value>
            </param>
            <param index="3">
              <value>
                <![CDATA[]]>
              </value>
            </param>
            <param index="4">
              <value>
                <![CDATA[]]>
              </value>
            </param>
            <param index="5">
              <value>
                <![CDATA[All Field Empty]]>
              </value>
            </param>
            <param index="6">
              <value>
                <![CDATA[(Fields marked with Red asterix (*) are mandatory)]]>
              </value>
            </param>
          </params>
          <reporter-output>
          </reporter-output>
        </test-method> <!-- userRegistration -->
        <test-method is-config="true" signature="closeBrowser()[pri:0, instance:test.TC_001Resgistration@30c15d8b]" started-at="2025-04-28T16:38:32 IST" name="closeBrowser" finished-at="2025-04-28T16:38:32 IST" duration-ms="133" status="PASS">
          <reporter-output>
          </reporter-output>
        </test-method> <!-- closeBrowser -->
        <test-method is-config="true" signature="launchingbrowserandloadingURL(java.lang.String,java.lang.String)[pri:0, instance:test.TC_001Resgistration@30c15d8b]" started-at="2025-04-28T16:38:32 IST" name="launchingbrowserandloadingURL" finished-at="2025-04-28T16:38:38 IST" duration-ms="6277" status="PASS">
          <params>
            <param index="0">
              <value>
                <![CDATA[https://adactinhotelapp.com/]]>
              </value>
            </param>
            <param index="1">
              <value>
                <![CDATA[Chrome]]>
              </value>
            </param>
          </params>
          <reporter-output>
          </reporter-output>
        </test-method> <!-- launchingbrowserandloadingURL -->
        <test-method signature="userRegistration(java.lang.String,java.lang.String,java.lang.String,java.lang.String,java.lang.String,java.lang.String,java.lang.String)[pri:0, instance:test.TC_001Resgistration@30c15d8b]" started-at="2025-04-28T16:38:38 IST" name="userRegistration" data-provider="readdata" finished-at="2025-04-28T16:39:10 IST" duration-ms="31408" status="FAIL">
          <params>
            <param index="0">
              <value>
                <![CDATA[Jeyasri Sanka]]>
              </value>
            </param>
            <param index="1">
              <value>
                <![CDATA[jeya123]]>
              </value>
            </param>
            <param index="2">
              <value>
                <![CDATA[jeya123]]>
              </value>
            </param>
            <param index="3">
              <value>
                <![CDATA[jeya]]>
              </value>
            </param>
            <param index="4">
              <value>
                <![CDATA[jeya336@kmail.com]]>
              </value>
            </param>
            <param index="5">
              <value>
                <![CDATA[Not Alpha Numeric]]>
              </value>
            </param>
            <param index="6">
              <value>
                <![CDATA[Only Alpha Numeric characters are allowed]]>
              </value>
            </param>
          </params>
          <exception class="org.openqa.selenium.TimeoutException">
            <message>
              <![CDATA[Expected condition failed: waiting for visibility of [[ChromeDriver: chrome on windows (a204ce85454c328b8dc6ac90c2091b9d)] -> id: username_span] (tried for 30 second(s) with 5000 milliseconds interval)
Build info: version: '4.28.0', revision: 'ac342546e9'
System info: os.name: 'Windows 11', os.arch: 'amd64', os.version: '10.0', java.version: '21.0.6'
Driver info: driver.version: unknown]]>
            </message>
            <full-stacktrace>
              <![CDATA[org.openqa.selenium.TimeoutException: Expected condition failed: waiting for visibility of [[ChromeDriver: chrome on windows (a204ce85454c328b8dc6ac90c2091b9d)] -> id: username_span] (tried for 30 second(s) with 5000 milliseconds interval)
Build info: version: '4.28.0', revision: 'ac342546e9'
System info: os.name: 'Windows 11', os.arch: 'amd64', os.version: '10.0', java.version: '21.0.6'
Driver info: driver.version: unknown
at org.openqa.selenium.support.ui.FluentWait.timeoutException(FluentWait.java:265)
at org.openqa.selenium.support.ui.FluentWait.until(FluentWait.java:228)
at utils.Handling.fluentWait(Handling.java:35)
at pages.ValidateRegister.validateRegister(ValidateRegister.java:125)
at test.TC_001Resgistration.userRegistration(TC_001Resgistration.java:32)
at java.base/jdk.internal.reflect.DirectMethodHandleAccessor.invoke(DirectMethodHandleAccessor.java:103)
at java.base/java.lang.reflect.Method.invoke(Method.java:580)
at org.testng.internal.invokers.MethodInvocationHelper.invokeMethod(MethodInvocationHelper.java:139)
at org.testng.internal.invokers.TestInvoker.invokeMethod(TestInvoker.java:664)
at org.testng.internal.invokers.TestInvoker.invokeTestMethod(TestInvoker.java:227)
at org.testng.internal.invokers.MethodRunner.runInSequence(MethodRunner.java:50)
at org.testng.internal.invokers.TestInvoker$MethodInvocationAgent.invoke(TestInvoker.java:957)
at org.testng.internal.invokers.TestInvoker.invokeTestMethods(TestInvoker.java:200)
at org.testng.internal.invokers.TestMethodWorker.invokeTestMethods(TestMethodWorker.java:148)
at org.testng.internal.invokers.TestMethodWorker.run(TestMethodWorker.java:128)
at java.base/java.util.ArrayList.forEach(ArrayList.java:1596)
at org.testng.TestRunner.privateRun(TestRunner.java:848)
at org.testng.TestRunner.run(TestRunner.java:621)
at org.testng.SuiteRunner.runTest(SuiteRunner.java:443)
at org.testng.SuiteRunner.runSequentially(SuiteRunner.java:437)
at org.testng.SuiteRunner.privateRun(SuiteRunner.java:397)
at org.testng.SuiteRunner.run(SuiteRunner.java:336)
at org.testng.SuiteRunnerWorker.runSuite(SuiteRunnerWorker.java:52)
at org.testng.SuiteRunnerWorker.run(SuiteRunnerWorker.java:95)
at org.testng.TestNG.runSuitesSequentially(TestNG.java:1280)
at org.testng.TestNG.runSuitesLocally(TestNG.java:1200)
at org.testng.TestNG.runSuites(TestNG.java:1114)
at org.testng.TestNG.run(TestNG.java:1082)
at org.apache.maven.surefire.testng.TestNGExecutor.run(TestNGExecutor.java:308)
at org.apache.maven.surefire.testng.TestNGXmlTestSuite.execute(TestNGXmlTestSuite.java:71)
at org.apache.maven.surefire.testng.TestNGProvider.invoke(TestNGProvider.java:113)
at org.apache.maven.surefire.booter.ForkedBooter.runSuitesInProcess(ForkedBooter.java:385)
at org.apache.maven.surefire.booter.ForkedBooter.execute(ForkedBooter.java:162)
at org.apache.maven.surefire.booter.ForkedBooter.run(ForkedBooter.java:507)
at org.apache.maven.surefire.booter.ForkedBooter.main(ForkedBooter.java:495)
]]>
            </full-stacktrace>
          </exception> <!-- org.openqa.selenium.TimeoutException -->
          <reporter-output>
          </reporter-output>
        </test-method> <!-- userRegistration -->
        <test-method is-config="true" signature="closeBrowser()[pri:0, instance:test.TC_001Resgistration@30c15d8b]" started-at="2025-04-28T16:39:10 IST" name="closeBrowser" finished-at="2025-04-28T16:39:10 IST" duration-ms="160" status="PASS">
          <reporter-output>
          </reporter-output>
        </test-method> <!-- closeBrowser -->
        <test-method is-config="true" signature="reportClose()[pri:0, instance:test.TC_001Resgistration@30c15d8b]" started-at="2025-04-28T16:39:10 IST" name="reportClose" finished-at="2025-04-28T16:39:10 IST" duration-ms="102" status="PASS">
          <reporter-output>
          </reporter-output>
        </test-method> <!-- reportClose -->
      </class> <!-- test.TC_001Resgistration -->
    </test> <!-- Test -->
  </suite> <!-- Suite (1) -->
  <suite started-at="2025-04-28T16:35:34 IST" name="Suite (0)" finished-at="2025-04-28T16:35:41 IST" duration-ms="6940">
    <groups>
    </groups>
    <test started-at="2025-04-28T16:35:34 IST" name="Test" finished-at="2025-04-28T16:35:41 IST" duration-ms="6940">
      <class name="test.TC_002ResetData">
        <test-method is-config="true" signature="reportIniatialization()[pri:0, instance:test.TC_002ResetData@74235045]" started-at="2025-04-28T16:35:34 IST" name="reportIniatialization" finished-at="2025-04-28T16:35:34 IST" duration-ms="1" status="PASS">
          <reporter-output>
          </reporter-output>
        </test-method> <!-- reportIniatialization -->
        <test-method is-config="true" signature="setup()[pri:0, instance:test.TC_002ResetData@74235045]" started-at="2025-04-28T16:35:34 IST" name="setup" finished-at="2025-04-28T16:35:34 IST" duration-ms="0" status="PASS">
          <reporter-output>
          </reporter-output>
        </test-method> <!-- setup -->
        <test-method is-config="true" signature="testDetails()[pri:0, instance:test.TC_002ResetData@74235045]" started-at="2025-04-28T16:35:34 IST" name="testDetails" finished-at="2025-04-28T16:35:34 IST" duration-ms="0" status="PASS">
          <reporter-output>
          </reporter-output>
        </test-method> <!-- testDetails -->
        <test-method is-config="true" signature="launchingbrowserandloadingURL(java.lang.String,java.lang.String)[pri:0, instance:test.TC_002ResetData@74235045]" started-at="2025-04-28T16:35:34 IST" name="launchingbrowserandloadingURL" finished-at="2025-04-28T16:35:39 IST" duration-ms="5297" status="PASS">
          <params>
            <param index="0">
              <value>
                <![CDATA[https://adactinhotelapp.com/]]>
              </value>
            </param>
            <param index="1">
              <value>
                <![CDATA[Chrome]]>
              </value>
            </param>
          </params>
          <reporter-output>
          </reporter-output>
        </test-method> <!-- launchingbrowserandloadingURL -->
[...]
              </value>
            </param>
            <param index="1">
              <value>
                <![CDATA[Chrome]]>
              </value>
            </param>
          </params>
          <reporter-output>
          </reporter-output>
        </test-method> <!-- launchingbrowserandloadingURL -->
        <test-method signature="SeachHotelTest(java.lang.String,java.lang.String,java.lang.String,java.lang.String,java.lang.String,java.lang.String,java.lang.String,java.lang.String,java.lang.String,java.lang.String)[pri:0, instance:test.TC_005SearchHotel@411f53a0]" started-at="2025-04-28T16:41:12 IST" name="SeachHotelTest" data-provider="readdata" finished-at="2025-04-28T16:41:23 IST" duration-ms="10651" status="FAIL">
          <params>
            <param index="0">
              <value>
                <![CDATA[New York]]>
              </value>
            </param>
            <param index="1">
              <value>
                <![CDATA[Hotel Sunshine]]>
              </value>
            </param>
            <param index="2">
              <value>
                <![CDATA[Double]]>
              </value>
            </param>
            <param index="3">
              <value>
                <![CDATA[3]]>
              </value>
            </param>
            <param index="4">
              <value>
                <![CDATA[05-05-2025]]>
              </value>
            </param>
            <param index="5">
              <value>
                <![CDATA[10-05-2025]]>
              </value>
            </param>
            <param index="6">
              <value>
                <![CDATA[3]]>
              </value>
            </param>
            <param index="7">
              <value>
                <![CDATA[3]]>
              </value>
            </param>
            <param index="8">
              <value>
                <![CDATA[valid  data]]>
              </value>
            </param>
            <param index="9">
              <value>
                <![CDATA[Select Hotel]]>
              </value>
            </param>
          </params>
          <exception class="org.openqa.selenium.NoSuchElementException">
            <message>
              <![CDATA[no such element: Unable to locate element: {"method":"css selector","selector":"#Reset"}
  (Session info: chrome=135.0.7049.114)
For documentation on this error, please visit: https://www.selenium.dev/documentation/webdriver/troubleshooting/errors#no-such-element-exception
Build info: version: '4.28.0', revision: 'ac342546e9'
System info: os.name: 'Windows 11', os.arch: 'amd64', os.version: '10.0', java.version: '21.0.6'
Driver info: org.openqa.selenium.chrome.ChromeDriver
Command: [1acea7bf3c266020e61768b408992484, findElement {using=id, value=Reset}]
Capabilities {acceptInsecureCerts: false, browserName: chrome, browserVersion: 135.0.7049.114, chrome: {chromedriverVersion: 135.0.7049.114 (63fd8a7d9d0..., userDataDir: C:\Users\ragul\AppData\Loca...}, fedcm:accounts: true, goog:chromeOptions: {debuggerAddress: localhost:58128}, networkConnectionEnabled: false, pageLoadStrategy: normal, platformName: windows, proxy: Proxy(), se:cdp: ws://localhost:58128/devtoo..., se:cdpVersion: 135.0.7049.114, setWindowRect: true, strictFileInteractability: false, timeouts: {implicit: 0, pageLoad: 300000, script: 30000}, unhandledPromptBehavior: dismiss and notify, webauthn:extension:credBlob: true, webauthn:extension:largeBlob: true, webauthn:extension:minPinLength: true, webauthn:extension:prf: true, webauthn:virtualAuthenticators: true}
Session ID: 1acea7bf3c266020e61768b408992484]]>
            </message>
            <full-stacktrace>
              <![CDATA[org.openqa.selenium.NoSuchElementException: no such element: Unable to locate element: {"method":"css selector","selector":"#Reset"}
  (Session info: chrome=135.0.7049.114)
For documentation on this error, please visit: https://www.selenium.dev/documentation/webdriver/troubleshooting/errors#no-such-element-exception
Build info: version: '4.28.0', revision: 'ac342546e9'
System info: os.name: 'Windows 11', os.arch: 'amd64', os.version: '10.0', java.version: '21.0.6'
Driver info: org.openqa.selenium.chrome.ChromeDriver
Command: [1acea7bf3c266020e61768b408992484, findElement {using=id, value=Reset}]
Capabilities {acceptInsecureCerts: false, browserName: chrome, browserVersion: 135.0.7049.114, chrome: {chromedriverVersion: 135.0.7049.114 (63fd8a7d9d0..., userDataDir: C:\Users\ragul\AppData\Loca...}, fedcm:accounts: true, goog:chromeOptions: {debuggerAddress: localhost:58128}, networkConnectionEnabled: false, pageLoadStrategy: normal, platformName: windows, proxy: Proxy(), se:cdp: ws://localhost:58128/devtoo..., se:cdpVersion: 135.0.7049.114, setWindowRect: true, strictFileInteractability: false, timeouts: {implicit: 0, pageLoad: 300000, script: 30000}, unhandledPromptBehavior: dismiss and notify, webauthn:extension:credBlob: true, webauthn:extension:largeBlob: true, webauthn:extension:minPinLength: true, webauthn:extension:prf: true, webauthn:virtualAuthenticators: true}
Session ID: 1acea7bf3c266020e61768b408992484
at java.base/jdk.internal.reflect.DirectConstructorHandleAccessor.newInstance(DirectConstructorHandleAccessor.java:62)
at java.base/java.lang.reflect.Constructor.newInstanceWithCaller(Constructor.java:502)
at java.base/java.lang.reflect.Constructor.newInstance(Constructor.java:486)
at org.openqa.selenium.remote.ErrorCodec.decode(ErrorCodec.java:167)
at org.openqa.selenium.remote.codec.w3c.W3CHttpResponseCodec.decode(W3CHttpResponseCodec.java:138)
at org.openqa.selenium.remote.codec.w3c.W3CHttpResponseCodec.decode(W3CHttpResponseCodec.java:50)
at org.openqa.selenium.remote.HttpCommandExecutor.execute(HttpCommandExecutor.java:215)
at org.openqa.selenium.remote.service.DriverCommandExecutor.invokeExecute(DriverCommandExecutor.java:216)
at org.openqa.selenium.remote.service.DriverCommandExecutor.execute(DriverCommandExecutor.java:174)
at org.openqa.selenium.remote.RemoteWebDriver.execute(RemoteWebDriver.java:545)
at org.openqa.selenium.remote.ElementLocation$ElementFinder$2.findElement(ElementLocation.java:165)
at org.openqa.selenium.remote.ElementLocation.findElement(ElementLocation.java:59)
at org.openqa.selenium.remote.RemoteWebDriver.findElement(RemoteWebDriver.java:368)
at org.openqa.selenium.remote.RemoteWebDriver.findElement(RemoteWebDriver.java:362)
at org.openqa.selenium.support.pagefactory.DefaultElementLocator.findElement(DefaultElementLocator.java:68)
at org.openqa.selenium.support.pagefactory.internal.LocatingElementHandler.invoke(LocatingElementHandler.java:38)
at jdk.proxy2/jdk.proxy2.$Proxy17.click(Unknown Source)
at pages.SearchHotelPage.ClickSearchHotelReset(SearchHotelPage.java:101)
at test.TC_005SearchHotel.SeachHotelTest(TC_005SearchHotel.java:29)
at java.base/jdk.internal.reflect.DirectMethodHandleAccessor.invoke(DirectMethodHandleAccessor.java:103)
at java.base/java.lang.reflect.Method.invoke(Method.java:580)
at org.testng.internal.invokers.MethodInvocationHelper.invokeMethod(MethodInvocationHelper.java:139)
at org.testng.internal.invokers.TestInvoker.invokeMethod(TestInvoker.java:664)
at org.testng.internal.invokers.TestInvoker.invokeTestMethod(TestInvoker.java:227)
at org.testng.internal.invokers.MethodRunner.runInSequence(MethodRunner.java:50)
at org.testng.internal.invokers.TestInvoker$MethodInvocationAgent.invoke(TestInvoker.java:957)
at org.testng.internal.invokers.TestInvoker.invokeTestMethods(TestInvoker.java:200)
at org.testng.internal.invokers.TestMethodWorker.invokeTestMethods(TestMethodWorker.java:148)
at org.testng.internal.invokers.TestMethodWorker.run(TestMethodWorker.java:128)
at java.base/java.util.ArrayList.forEach(ArrayList.java:1596)
at org.testng.TestRunner.privateRun(TestRunner.java:848)
at org.testng.TestRunner.run(TestRunner.java:621)
at org.testng.SuiteRunner.runTest(SuiteRunner.java:443)
at org.testng.SuiteRunner.runSequentially(SuiteRunner.java:437)
at org.testng.SuiteRunner.privateRun(SuiteRunner.java:397)
at org.testng.SuiteRunner.run(SuiteRunner.java:336)
at org.testng.SuiteRunnerWorker.runSuite(SuiteRunnerWorker.java:52)
at org.testng.SuiteRunnerWorker.run(SuiteRunnerWorker.java:95)
at org.testng.TestNG.runSuitesSequentially(TestNG.java:1280)
at org.testng.TestNG.runSuitesLocally(TestNG.java:1200)
at org.testng.TestNG.runSuites(TestNG.java:1114)
at org.testng.TestNG.run(TestNG.java:1082)
at org.apache.maven.surefire.testng.TestNGExecutor.run(TestNGExecutor.java:308)
at org.apache.maven.surefire.testng.TestNGXmlTestSuite.execute(TestNGXmlTestSuite.java:71)
at org.apache.maven.surefire.testng.TestNGProvider.invoke(TestNGProvider.java:113)
at org.apache.maven.surefire.booter.ForkedBooter.runSuitesInProcess(ForkedBooter.java:385)
at org.apache.maven.surefire.booter.ForkedBooter.execute(ForkedBooter.java:162)
at org.apache.maven.surefire.booter.ForkedBooter.run(ForkedBooter.java:507)
at org.apache.maven.surefire.booter.ForkedBooter.main(ForkedBooter.java:495)
]]>
            </full-stacktrace>
          </exception> <!-- org.openqa.selenium.NoSuchElementException -->
          <reporter-output>
          </reporter-output>
        </test-method> <!-- SeachHotelTest -->
        <test-method is-config="true" signature="closeBrowser()[pri:0, instance:test.TC_005SearchHotel@411f53a0]" started-at="2025-04-28T16:41:23 IST" name="closeBrowser" finished-at="2025-04-28T16:41:23 IST" duration-ms="167" status="PASS">
          <reporter-output>
          </reporter-output>
        </test-method> <!-- closeBrowser -->
        <test-method is-config="true" signature="launchingbrowserandloadingURL(java.lang.String,java.lang.String)[pri:0, instance:test.TC_005SearchHotel@411f53a0]" started-at="2025-04-28T16:41:23 IST" name="launchingbrowserandloadingURL" finished-at="2025-04-28T16:41:28 IST" duration-ms="5178" status="PASS">
          <params>
            <param index="0">
              <value>
                <![CDATA[https://adactinhotelapp.com/]]>
              </value>
            </param>
            <param index="1">
              <value>
                <![CDATA[Chrome]]>
              </value>
            </param>
          </params>
          <reporter-output>
          </reporter-output>
        </test-method> <!-- launchingbrowserandloadingURL -->
        <test-method signature="SeachHotelTest(java.lang.String,java.lang.String,java.lang.String,java.lang.String,java.lang.String,java.lang.String,java.lang.String,java.lang.String,java.lang.String,java.lang.String)[pri:0, instance:test.TC_005SearchHotel@411f53a0]" started-at="2025-04-28T16:41:28 IST" name="SeachHotelTest" data-provider="readdata" finished-at="2025-04-28T16:41:39 IST" duration-ms="10638" status="FAIL">
          <params>
            <param index="0">
              <value>
                <![CDATA[Adelaide]]>
              </value>
            </param>
            <param index="1">
              <value>
                <![CDATA[]]>
              </value>
            </param>
            <param index="2">
              <value>
                <![CDATA[]]>
              </value>
            </param>
            <param index="3">
              <value>
                <![CDATA[2]]>
              </value>
            </param>
            <param index="4">
              <value>
                <![CDATA[34/05/2025]]>
              </value>
            </param>
            <param index="5">
              <value>
                <![CDATA[38/05/2025]]>
              </value>
            </param>
            <param index="6">
              <value>
                <![CDATA[3]]>
              </value>
            </param>
            <param index="7">
              <value>
                <![CDATA[0]]>
              </value>
            </param>
            <param index="8">
              <value>
                <![CDATA[valid data]]>
              </value>
            </param>
            <param index="9">
              <value>
                <![CDATA[Select Hotel]]>
              </value>
            </param>
          </params>
          <exception class="org.openqa.selenium.NoSuchElementException">
            <message>
              <![CDATA[no such element: Unable to locate element: {"method":"css selector","selector":"#Reset"}
  (Session info: chrome=135.0.7049.114)
For documentation on this error, please visit: https://www.selenium.dev/documentation/webdriver/troubleshooting/errors#no-such-element-exception
Build info: version: '4.28.0', revision: 'ac342546e9'
System info: os.name: 'Windows 11', os.arch: 'amd64', os.version: '10.0', java.version: '21.0.6'
Driver info: org.openqa.selenium.chrome.ChromeDriver
Command: [25f47e4f5e7607055c1816d53f07a3fe, findElement {using=id, value=Reset}]
Capabilities {acceptInsecureCerts: false, browserName: chrome, browserVersion: 135.0.7049.114, chrome: {chromedriverVersion: 135.0.7049.114 (63fd8a7d9d0..., userDataDir: C:\Users\ragul\AppData\Loca...}, fedcm:accounts: true, goog:chromeOptions: {debuggerAddress: localhost:64260}, networkConnectionEnabled: false, pageLoadStrategy: normal, platformName: windows, proxy: Proxy(), se:cdp: ws://localhost:64260/devtoo..., se:cdpVersion: 135.0.7049.114, setWindowRect: true, strictFileInteractability: false, timeouts: {implicit: 0, pageLoad: 300000, script: 30000}, unhandledPromptBehavior: dismiss and notify, webauthn:extension:credBlob: true, webauthn:extension:largeBlob: true, webauthn:extension:minPinLength: true, webauthn:extension:prf: true, webauthn:virtualAuthenticators: true}
Session ID: 25f47e4f5e7607055c1816d53f07a3fe]]>
            </message>
            <full-stacktrace>
              <![CDATA[org.openqa.selenium.NoSuchElementException: no such element: Unable to locate element: {"method":"css selector","selector":"#Reset"}
  (Session info: chrome=135.0.7049.114)
For documentation on this error, please visit: https://www.selenium.dev/documentation/webdriver/troubleshooting/errors#no-such-element-exception
Build info: version: '4.28.0', revision: 'ac342546e9'
System info: os.name: 'Windows 11', os.arch: 'amd64', os.version: '10.0', java.version: '21.0.6'
Driver info: org.openqa.selenium.chrome.ChromeDriver
Command: [25f47e4f5e7607055c1816d53f07a3fe, findElement {using=id, value=Reset}]
Capabilities {acceptInsecureCerts: false, browserName: chrome, browserVersion: 135.0.7049.114, chrome: {chromedriverVersion: 135.0.7049.114 (63fd8a7d9d0..., userDataDir: C:\Users\ragul\AppData\Loca...}, fedcm:accounts: true, goog:chromeOptions: {debuggerAddress: localhost:64260}, networkConnectionEnabled: false, pageLoadStrategy: normal, platformName: windows, proxy: Proxy(), se:cdp: ws://localhost:64260/devtoo..., se:cdpVersion: 135.0.7049.114, setWindowRect: true, strictFileInteractability: false, timeouts: {implicit: 0, pageLoad: 300000, script: 30000}, unhandledPromptBehavior: dismiss and notify, webauthn:extension:credBlob: true, webauthn:extension:largeBlob: true, webauthn:extension:minPinLength: true, webauthn:extension:prf: true, webauthn:virtualAuthenticators: true}
Session ID: 25f47e4f5e7607055c1816d53f07a3fe
at java.base/jdk.internal.reflect.DirectConstructorHandleAccessor.newInstance(DirectConstructorHandleAccessor.java:62)
at java.base/java.lang.reflect.Constructor.newInstanceWithCaller(Constructor.java:502)
at java.base/java.lang.reflect.Constructor.newInstance(Constructor.java:486)
at org.openqa.selenium.remote.ErrorCodec.decode(ErrorCodec.java:167)
at org.openqa.selenium.remote.codec.w3c.W3CHttpResponseCodec.decode(W3CHttpResponseCodec.java:138)
at org.openqa.selenium.remote.codec.w3c.W3CHttpResponseCodec.decode(W3CHttpResponseCodec.java:50)
at org.openqa.selenium.remote.HttpCommandExecutor.execute(HttpCommandExecutor.java:215)
at org.openqa.selenium.remote.service.DriverCommandExecutor.invokeExecute(DriverCommandExecutor.java:216)
at org.openqa.selenium.remote.service.DriverCommandExecutor.execute(DriverCommandExecutor.java:174)
at org.openqa.selenium.remote.RemoteWebDriver.execute(RemoteWebDriver.java:545)
at org.openqa.selenium.remote.ElementLocation$ElementFinder$2.findElement(ElementLocation.java:165)
at org.openqa.selenium.remote.ElementLocation.findElement(ElementLocation.java:59)
at org.openqa.selenium.remote.RemoteWebDriver.findElement(RemoteWebDriver.java:368)
at org.openqa.selenium.remote.RemoteWebDriver.findElement(RemoteWebDriver.java:362)
at org.openqa.selenium.support.pagefactory.DefaultElementLocator.findElement(DefaultElementLocator.java:68)
at org.openqa.selenium.support.pagefactory.internal.LocatingElementHandler.invoke(LocatingElementHandler.java:38)
at jdk.proxy2/jdk.proxy2.$Proxy17.click(Unknown Source)
at pages.SearchHotelPage.ClickSearchHotelReset(SearchHotelPage.java:101)
at test.TC_005SearchHotel.SeachHotelTest(TC_005SearchHotel.java:29)
at java.base/jdk.internal.reflect.DirectMethodHandleAccessor.invoke(DirectMethodHandleAccessor.java:103)
at java.base/java.lang.reflect.Method.invoke(Method.java:580)
at org.testng.internal.invokers.MethodInvocationHelper.invokeMethod(MethodInvocationHelper.java:139)
at org.testng.internal.invokers.TestInvoker.invokeMethod(TestInvoker.java:664)
at org.testng.internal.invokers.TestInvoker.invokeTestMethod(TestInvoker.java:227)
at org.testng.internal.invokers.MethodRunner.runInSequence(MethodRunner.java:50)
at org.testng.internal.invokers.TestInvoker$MethodInvocationAgent.invoke(TestInvoker.java:957)
at org.testng.internal.invokers.TestInvoker.invokeTestMethods(TestInvoker.java:200)
at org.testng.internal.invokers.TestMethodWorker.invokeTestMethods(TestMethodWorker.java:148)
at org.testng.internal.invokers.TestMethodWorker.run(TestMethodWorker.java:128)
at java.base/java.util.ArrayList.forEach(ArrayList.java:1596)
at org.testng.TestRunner.privateRun(TestRunner.java:848)
at org.testng.TestRunner.run(TestRunner.java:621)
at org.testng.SuiteRunner.runTest(SuiteRunner.java:443)
at org.testng.SuiteRunner.runSequentially(SuiteRunner.java:437)
at org.testng.SuiteRunner.privateRun(SuiteRunner.java:397)
at org.testng.SuiteRunner.run(SuiteRunner.java:336)
at org.testng.SuiteRunnerWorker.runSuite(SuiteRunnerWorker.java:52)
at org.testng.SuiteRunnerWorker.run(SuiteRunnerWorker.java:95)
at org.testng.TestNG.runSuitesSequentially(TestNG.java:1280)
at org.testng.TestNG.runSuitesLocally(TestNG.java:1200)
at org.testng.TestNG.runSuites(TestNG.java:1114)
at org.testng.TestNG.run(TestNG.java:1082)
at org.apache.maven.surefire.testng.TestNGExecutor.run(TestNGExecutor.java:308)
at org.apache.maven.surefire.testng.TestNGXmlTestSuite.execute(TestNGXmlTestSuite.java:71)
at org.apache.maven.surefire.testng.TestNGProvider.invoke(TestNGProvider.java:113)
at org.apache.maven.surefire.booter.ForkedBooter.runSuitesInProcess(ForkedBooter.java:385)
at org.apache.maven.surefire.booter.ForkedBooter.execute(ForkedBooter.java:162)
at org.apache.maven.surefire.booter.ForkedBooter.run(ForkedBooter.java:507)
at org.apache.maven.surefire.booter.ForkedBooter.main(ForkedBooter.java:495)
]]>
            </full-stacktrace>
          </exception> <!-- org.openqa.selenium.NoSuchElementException -->
          <reporter-output>
          </reporter-output>
        </test-method> <!-- SeachHotelTest -->
        <test-method is-config="true" signature="closeBrowser()[pri:0, instance:test.TC_005SearchHotel@411f53a0]" started-at="2025-04-28T16:41:39 IST" name="closeBrowser" finished-at="2025-04-28T16:41:39 IST" duration-ms="114" status="PASS">
          <reporter-output>
          </reporter-output>
        </test-method> <!-- closeBrowser -->
        <test-method is-config="true" signature="reportClose()[pri:0, instance:test.TC_005SearchHotel@411f53a0]" started-at="2025-04-28T16:41:39 IST" name="reportClose" finished-at="2025-04-28T16:41:39 IST" duration-ms="108" status="PASS">
          <reporter-output>
          </reporter-output>
        </test-method> <!-- reportClose -->
      </class> <!-- test.TC_005SearchHotel -->
    </test> <!-- Test -->
  </suite> <!-- Suite (2) -->
</testng-results>
