<?xml version="1.0" encoding="UTF-8"?>
<testng-results ignored="0" total="45" passed="44" failed="1" skipped="0">
  <reporter-output>
  </reporter-output>
  <suite started-at="2025-04-29T17:16:05 IST" name="Suite" finished-at="2025-04-29T17:25:39 IST" duration-ms="574130">
    <groups>
    </groups>
    <test started-at="2025-04-29T17:16:05 IST" name="Test" finished-at="2025-04-29T17:25:39 IST" duration-ms="574130">
      <class name="test.TC_007BookItinerary">
        <test-method is-config="true" signature="setup()[pri:0, instance:test.TC_007BookItinerary@37ceb1df]" started-at="2025-04-29T17:16:05 IST" name="setup" finished-at="2025-04-29T17:16:05 IST" duration-ms="1" status="PASS">
          <reporter-output>
          </reporter-output>
        </test-method> <!-- setup -->
        <test-method is-config="true" signature="testDetails()[pri:0, instance:test.TC_007BookItinerary@37ceb1df]" started-at="2025-04-29T17:23:48 IST" name="testDetails" finished-at="2025-04-29T17:23:48 IST" duration-ms="4" status="PASS">
          <reporter-output>
          </reporter-output>
        </test-method> <!-- testDetails -->
        <test-method is-config="true" signature="launchingbrowserandloadingURL(java.lang.String,java.lang.String)[pri:0, instance:test.TC_007BookItinerary@37ceb1df]" started-at="2025-04-29T17:23:49 IST" name="launchingbrowserandloadingURL" finished-at="2025-04-29T17:23:55 IST" duration-ms="6551" status="PASS">
          <params>
            <param index="0">
              <value>
                <![CDATA[https://adactinhotelapp.com/]]>
              </value>
            </param>
            <param index="1">
              <value>
                <![CDATA[Chrome]]>
              </value>
            </param>
          </params>
          <reporter-output>
          </reporter-output>
        </test-method> <!-- launchingbrowserandloadingURL -->
        <test-method signature="booking(java.lang.String,java.lang.String,java.lang.String,java.lang.String,java.lang.String,java.lang.String,java.lang.String,java.lang.String)[pri:0, instance:test.TC_007BookItinerary@37ceb1df]" started-at="2025-04-29T17:23:55 IST" name="booking" data-provider="readdata" finished-at="2025-04-29T17:25:01 IST" duration-ms="66379" status="PASS">
          <params>
            <param index="0">
              <value>
                <![CDATA[hetwik]]>
              </value>
            </param>
            <param index="1">
              <value>
                <![CDATA[josh]]>
              </value>
            </param>
            <param index="2">
              <value>
                <![CDATA[coimbatore]]>
              </value>
            </param>
            <param index="3">
              <value>
                <![CDATA[1486450828942870]]>
              </value>
            </param>
            <param index="4">
              <value>
                <![CDATA[American Express]]>
              </value>
            </param>
            <param index="5">
              <value>
                <![CDATA[October]]>
              </value>
            </param>
            <param index="6">
              <value>
                <![CDATA[2028]]>
              </value>
            </param>
            <param index="7">
              <value>
                <![CDATA[876]]>
              </value>
            </param>
          </params>
          <reporter-output>
          </reporter-output>
        </test-method> <!-- booking -->
        <test-method is-config="true" signature="closeBrowser()[pri:0, instance:test.TC_007BookItinerary@37ceb1df]" started-at="2025-04-29T17:25:09 IST" name="closeBrowser" finished-at="2025-04-29T17:25:09 IST" duration-ms="235" status="PASS">
          <reporter-output>
          </reporter-output>
        </test-method> <!-- closeBrowser -->
      </class> <!-- test.TC_007BookItinerary -->
      <class name="test.TC_003Login">
        <test-method is-config="true" signature="setup()[pri:0, instance:test.TC_003Login@38afe297]" started-at="2025-04-29T17:16:05 IST" name="setup" finished-at="2025-04-29T17:16:05 IST" duration-ms="0" status="PASS">
          <reporter-output>
          </reporter-output>
        </test-method> <!-- setup -->
        <test-method is-config="true" signature="testDetails()[pri:0, instance:test.TC_003Login@38afe297]" started-at="2025-04-29T17:19:17 IST" name="testDetails" finished-at="2025-04-29T17:19:17 IST" duration-ms="0" status="PASS">
          <reporter-output>
          </reporter-output>
        </test-method> <!-- testDetails -->
        <test-method is-config="true" signature="launchingbrowserandloadingURL(java.lang.String,java.lang.String)[pri:0, instance:test.TC_003Login@38afe297]" started-at="2025-04-29T17:19:17 IST" name="launchingbrowserandloadingURL" finished-at="2025-04-29T17:19:23 IST" duration-ms="6149" status="PASS">
          <params>
            <param index="0">
              <value>
                <![CDATA[https://adactinhotelapp.com/]]>
              </value>
            </param>
            <param index="1">
              <value>
                <![CDATA[Chrome]]>
              </value>
            </param>
          </params>
          <reporter-output>
          </reporter-output>
        </test-method> <!-- launchingbrowserandloadingURL -->
        <test-method signature="userRegistration(java.lang.String,java.lang.String,java.lang.String,java.lang.String)[pri:0, instance:test.TC_003Login@38afe297]" started-at="2025-04-29T17:19:23 IST" name="userRegistration" data-provider="readdata" finished-at="2025-04-29T17:19:25 IST" duration-ms="1880" status="PASS">
          <params>
            <param index="0">
              <value>
                <![CDATA[Vaishu99]]>
              </value>
            </param>
            <param index="1">
              <value>
                <![CDATA[Vaishu07]]>
              </value>
            </param>
            <param index="2">
              <value>
                <![CDATA[valid name valid password]]>
              </value>
            </param>
            <param index="3">
              <value>
                <![CDATA[Welcome to Adactin Group of Hotels]]>
              </value>
            </param>
          </params>
          <reporter-output>
          </reporter-output>
        </test-method> <!-- userRegistration -->
        <test-method is-config="true" signature="closeBrowser()[pri:0, instance:test.TC_003Login@38afe297]" started-at="2025-04-29T17:19:25 IST" name="closeBrowser" finished-at="2025-04-29T17:19:25 IST" duration-ms="242" status="PASS">
          <reporter-output>
          </reporter-output>
        </test-method> <!-- closeBrowser -->
        <test-method is-config="true" signature="launchingbrowserandloadingURL(java.lang.String,java.lang.String)[pri:0, instance:test.TC_003Login@38afe297]" started-at="2025-04-29T17:19:25 IST" name="launchingbrowserandloadingURL" finished-at="2025-04-29T17:19:32 IST" duration-ms="6248" status="PASS">
          <params>
            <param index="0">
              <value>
                <![CDATA[https://adactinhotelapp.com/]]>
              </value>
            </param>
            <param index="1">
              <value>
                <![CDATA[Chrome]]>
              </value>
            </param>
          </params>
          <reporter-output>
          </reporter-output>
        </test-method> <!-- launchingbrowserandloadingURL -->
        <test-method signature="userRegistration(java.lang.String,java.lang.String,java.lang.String,java.lang.String)[pri:0, instance:test.TC_003Login@38afe297]" started-at="2025-04-29T17:19:32 IST" name="userRegistration" data-provider="readdata" finished-at="2025-04-29T17:19:32 IST" duration-ms="482" status="PASS">
          <params>
            <param index="0">
              <value>
                <![CDATA[]]>
              </value>
            </param>
            <param index="1">
              <value>
                <![CDATA[Vaishu07]]>
              </value>
            </param>
            <param index="2">
              <value>
                <![CDATA[empty name field and valid password]]>
              </value>
            </param>
            <param index="3">
              <value>
                <![CDATA[Enter Username]]>
              </value>
            </param>
          </params>
          <reporter-output>
          </reporter-output>
        </test-method> <!-- userRegistration -->
        <test-method is-config="true" signature="closeBrowser()[pri:0, instance:test.TC_003Login@38afe297]" started-at="2025-04-29T17:19:33 IST" name="closeBrowser" finished-at="2025-04-29T17:19:33 IST" duration-ms="236" status="PASS">
          <reporter-output>
          </reporter-output>
        </test-method> <!-- closeBrowser -->
        <test-method is-config="true" signature="launchingbrowserandloadingURL(java.lang.String,java.lang.String)[pri:0, instance:test.TC_003Login@38afe297]" started-at="2025-04-29T17:19:33 IST" name="launchingbrowserandloadingURL" finished-at="2025-04-29T17:19:40 IST" duration-ms="7081" status="PASS">
          <params>
            <param index="0">
              <value>
                <![CDATA[https://adactinhotelapp.com/]]>
              </value>
            </param>
            <param index="1">
              <value>
                <![CDATA[Chrome]]>
              </value>
            </param>
          </params>
          <reporter-output>
          </reporter-output>
        </test-method> <!-- launchingbrowserandloadingURL -->
        <test-method signature="userRegistration(java.lang.String,java.lang.String,java.lang.String,java.lang.String)[pri:0, instance:test.TC_003Login@38afe297]" started-at="2025-04-29T17:19:40 IST" name="userRegistration" data-provider="readdata" finished-at="2025-04-29T17:19:40 IST" duration-ms="488" status="PASS">
          <params>
            <param index="0">
              <value>
                <![CDATA[Vaishu99]]>
              </value>
            </param>
            <param index="1">
              <value>
                <![CDATA[]]>
              </value>
            </param>
            <param index="2">
              <value>
                <![CDATA[valid name  empty password field]]>
              </value>
            </param>
            <param index="3">
              <value>
                <![CDATA[Enter Password]]>
              </value>
            </param>
          </params>
          <reporter-output>
          </reporter-output>
        </test-method> <!-- userRegistration -->
        <test-method is-config="true" signature="closeBrowser()[pri:0, instance:test.TC_003Login@38afe297]" started-at="2025-04-29T17:19:41 IST" name="closeBrowser" finished-at="2025-04-29T17:19:41 IST" duration-ms="240" status="PASS">
          <reporter-output>
          </reporter-output>
        </test-method> <!-- closeBrowser -->
        <test-method is-config="true" signature="launchingbrowserandloadingURL(java.lang.String,java.lang.String)[pri:0, instance:test.TC_003Login@38afe297]" started-at="2025-04-29T17:19:41 IST" name="launchingbrowserandloadingURL" finished-at="2025-04-29T17:19:48 IST" duration-ms="7018" status="PASS">
          <params>
            <param index="0">
              <value>
                <![CDATA[https://adactinhotelapp.com/]]>
              </value>
            </param>
            <param index="1">
              <value>
                <![CDATA[Chrome]]>
              </value>
            </param>
          </params>
          <reporter-output>
          </reporter-output>
        </test-method> <!-- launchingbrowserandloadingURL -->
        <test-method signature="userRegistration(java.lang.String,java.lang.String,java.lang.String,java.lang.String)[pri:0, instance:test.TC_003Login@38afe297]" started-at="2025-04-29T17:19:48 IST" name="userRegistration" data-provider="readdata" finished-at="2025-04-29T17:19:49 IST" duration-ms="919" status="PASS">
          <params>
            <param index="0">
              <value>
                <![CDATA[gukeshvar]]>
              </value>
            </param>
            <param index="1">
              <value>
                <![CDATA[Vaishu07]]>
              </value>
            </param>
            <param index="2">
              <value>
                <![CDATA[invalid user name]]>
              </value>
            </param>
            <param index="3">
              <value>
                <![CDATA[Invalid Login details or Your Password might have expired. Click here to reset your password]]>
              </value>
            </param>
          </params>
          <reporter-output>
          </reporter-output>
        </test-method> <!-- userRegistration -->
        <test-method is-config="true" signature="closeBrowser()[pri:0, instance:test.TC_003Login@38afe297]" started-at="2025-04-29T17:19:49 IST" name="closeBrowser" finished-at="2025-04-29T17:19:49 IST" duration-ms="194" status="PASS">
          <reporter-output>
          </reporter-output>
        </test-method> <!-- closeBrowser -->
        <test-method is-config="true" signature="launchingbrowserandloadingURL(java.lang.String,java.lang.String)[pri:0, instance:test.TC_003Login@38afe297]" started-at="2025-04-29T17:19:49 IST" name="launchingbrowserandloadingURL" finished-at="2025-04-29T17:19:56 IST" duration-ms="6227" status="PASS">
          <params>
            <param index="0">
              <value>
                <![CDATA[https://adactinhotelapp.com/]]>
              </value>
            </param>
            <param index="1">
              <value>
                <![CDATA[Chrome]]>
              </value>
            </param>
          </params>
          <reporter-output>
          </reporter-output>
        </test-method> <!-- launchingbrowserandloadingURL -->
        <test-method signature="userRegistration(java.lang.String,java.lang.String,java.lang.String,java.lang.String)[pri:0, instance:test.TC_003Login@38afe297]" started-at="2025-04-29T17:19:56 IST" name="userRegistration" data-provider="readdata" finished-at="2025-04-29T17:19:56 IST" duration-ms="377" status="PASS">
          <params>
            <param index="0">
              <value>
                <![CDATA[]]>
              </value>
            </param>
            <param index="1">
              <value>
                <![CDATA[]]>
              </value>
            </param>
            <param index="2">
              <value>
                <![CDATA[empty user and empty password field]]>
              </value>
            </param>
            <param index="3">
              <value>
                <![CDATA[Enter Username]]>
              </value>
            </param>
          </params>
          <reporter-output>
          </reporter-output>
        </test-method> <!-- userRegistration -->
        <test-method is-config="true" signature="closeBrowser()[pri:0, instance:test.TC_003Login@38afe297]" started-at="2025-04-29T17:19:56 IST" name="closeBrowser" finished-at="2025-04-29T17:19:56 IST" duration-ms="228" status="PASS">
          <reporter-output>
          </reporter-output>
        </test-method> <!-- closeBrowser -->
        <test-method is-config="true" signature="launchingbrowserandloadingURL(java.lang.String,java.lang.String)[pri:0, instance:test.TC_003Login@38afe297]" started-at="2025-04-29T17:19:56 IST" name="launchingbrowserandloadingURL" finished-at="2025-04-29T17:20:03 IST" duration-ms="6813" status="PASS">
          <params>
            <param index="0">
              <value>
                <![CDATA[https://adactinhotelapp.com/]]>
              </value>
            </param>
            <param index="1">
              <value>
                <![CDATA[Chrome]]>
              </value>
            </param>
          </params>
          <reporter-output>
          </reporter-output>
        </test-method> <!-- launchingbrowserandloadingURL -->
        <test-method signature="userRegistration(java.lang.String,java.lang.String,java.lang.String,java.lang.String)[pri:0, instance:test.TC_003Login@38afe297]" started-at="2025-04-29T17:20:03 IST" name="userRegistration" data-provider="readdata" finished-at="2025-04-29T17:20:04 IST" duration-ms="789" status="PASS">
          <params>
            <param index="0">
              <value>
                <![CDATA[Vaishu99]]>
              </value>
            </param>
            <param index="1">
              <value>
                <![CDATA[viha]]>
              </value>
            </param>
            <param index="2">
              <value>
                <![CDATA[valid name invalid password]]>
              </value>
            </param>
            <param index="3">
              <value>
                <![CDATA[Invalid Login details or Your Password might have expired. Click here to reset your password]]>
              </value>
            </param>
          </params>
          <reporter-output>
          </reporter-output>
        </test-method> <!-- userRegistration -->
        <test-method is-config="true" signature="closeBrowser()[pri:0, instance:test.TC_003Login@38afe297]" started-at="2025-04-29T17:20:04 IST" name="closeBrowser" finished-at="2025-04-29T17:20:04 IST" duration-ms="160" status="PASS">
          <reporter-output>
          </reporter-output>
        </test-method> <!-- closeBrowser -->
      </class> <!-- test.TC_003Login -->
      <class name="test.TC_004ForgotPassword">
        <test-method is-config="true" signature="setup()[pri:0, instance:test.TC_004ForgotPassword@2df3b89c]" started-at="2025-04-29T17:16:05 IST" name="setup" finished-at="2025-04-29T17:16:05 IST" duration-ms="1" status="PASS">
          <reporter-output>
          </reporter-output>
        </test-method> <!-- setup -->
        <test-method is-config="true" signature="testDetails()[pri:0, instance:test.TC_004ForgotPassword@2df3b89c]" started-at="2025-04-29T17:20:04 IST" name="testDetails" finished-at="2025-04-29T17:20:05 IST" duration-ms="3" status="PASS">
          <reporter-output>
          </reporter-output>
        </test-method> <!-- testDetails -->
        <test-method is-config="true" signature="launchingbrowserandloadingURL(java.lang.String,java.lang.String)[pri:0, instance:test.TC_004ForgotPassword@2df3b89c]" started-at="2025-04-29T17:20:05 IST" name="launchingbrowserandloadingURL" finished-at="2025-04-29T17:20:11 IST" duration-ms="6152" status="PASS">
          <params>
            <param index="0">
              <value>
                <![CDATA[https://adactinhotelapp.com/]]>
              </value>
            </param>
            <param index="1">
              <value>
                <![CDATA[Chrome]]>
              </value>
            </param>
          </params>
          <reporter-output>
          </reporter-output>
        </test-method> <!-- launchingbrowserandloadingURL -->
        <test-method signature="ForgotpasswordTest(java.lang.String,java.lang.String,java.lang.String)[pri:0, instance:test.TC_004ForgotPassword@2df3b89c]" started-at="2025-04-29T17:20:11 IST" name="ForgotpasswordTest" data-provider="readdata" finished-at="2025-04-29T17:20:14 IST" duration-ms="2933" status="PASS">
          <params>
            <param index="0">
              <value>
                <![CDATA[vihansankar@kmail.com]]>
              </value>
            </param>
            <param index="1">
              <value>
                <![CDATA[invalid email]]>
              </value>
            </param>
            <param index="2">
              <value>
                <![CDATA[Email Address does not exsit in database]]>
              </value>
            </param>
          </params>
          <reporter-output>
          </reporter-output>
        </test-method> <!-- ForgotpasswordTest -->
        <test-method is-config="true" signature="closeBrowser()[pri:0, instance:test.TC_004ForgotPassword@2df3b89c]" started-at="2025-04-29T17:20:14 IST" name="closeBrowser" finished-at="2025-04-29T17:20:14 IST" duration-ms="162" status="PASS">
          <reporter-output>
          </reporter-output>
        </test-method> <!-- closeBrowser -->
        <test-method is-config="true" signature="launchingbrowserandloadingURL(java.lang.String,java.lang.String)[pri:0, instance:test.TC_004ForgotPassword@2df3b89c]" started-at="2025-04-29T17:20:14 IST" name="launchingbrowserandloadingURL" finished-at="2025-04-29T17:20:21 IST" duration-ms="7259" status="PASS">
          <params>
            <param index="0">
              <value>
                <![CDATA[https://adactinhotelapp.com/]]>
              </value>
            </param>
            <param index="1">
              <value>
                <![CDATA[Chrome]]>
              </value>
            </param>
          </params>
          <reporter-output>
          </reporter-output>
        </test-method> <!-- launchingbrowserandloadingURL -->
        <test-method signature="ForgotpasswordTest(java.lang.String,java.lang.String,java.lang.String)[pri:0, instance:test.TC_004ForgotPassword@2df3b89c]" started-at="2025-04-29T17:20:21 IST" name="ForgotpasswordTest" data-provider="readdata" finished-at="2025-04-29T17:20:24 IST" duration-ms="2043" status="PASS">
          <params>
            <param index="0">
              <value>
                <![CDATA[]]>
              </value>
            </param>
            <param index="1">
              <value>
                <![CDATA[empty email field]]>
              </value>
            </param>
            <param index="2">
              <value>
                <![CDATA[Email Address is Empty]]>
              </value>
            </param>
          </params>
          <reporter-output>
          </reporter-output>
        </test-method> <!-- ForgotpasswordTest -->
        <test-method is-config="true" signature="closeBrowser()[pri:0, instance:test.TC_004ForgotPassword@2df3b89c]" started-at="2025-04-29T17:20:24 IST" name="closeBrowser" finished-at="2025-04-29T17:20:24 IST" duration-ms="373" status="PASS">
          <reporter-output>
          </reporter-output>
        </test-method> <!-- closeBrowser -->
        <test-method is-config="true" signature="launchingbrowserandloadingURL(java.lang.String,java.lang.String)[pri:0, instance:test.TC_004ForgotPassword@2df3b89c]" started-at="2025-04-29T17:20:24 IST" name="launchingbrowserandloadingURL" finished-at="2025-04-29T17:20:32 IST" duration-ms="7916" status="PASS">
          <params>
            <param index="0">
              <value>
                <![CDATA[https://adactinhotelapp.com/]]>
              </value>
            </param>
            <param index="1">
              <value>
                <![CDATA[Chrome]]>
              </value>
            </param>
          </params>
          <reporter-output>
          </reporter-output>
        </test-method> <!-- launchingbrowserandloadingURL -->
        <test-method signature="ForgotpasswordTest(java.lang.String,java.lang.String,java.lang.String)[pri:0, instance:test.TC_004ForgotPassword@2df3b89c]" started-at="2025-04-29T17:20:32 IST" name="ForgotpasswordTest" data-provider="readdata" finished-at="2025-04-29T17:20:43 IST" duration-ms="11076" status="PASS">
          <params>
            <param index="0">
              <value>
                <![CDATA[jeyasrie1991@gmail.com]]>
              </value>
            </param>
            <param index="1">
              <value>
                <![CDATA[valid email]]>
              </value>
            </param>
            <param index="2">
              <value>
                <![CDATA[Click here to login]]>
              </value>
            </param>
          </params>
          <reporter-output>
          </reporter-output>
        </test-method> <!-- ForgotpasswordTest -->
        <test-method is-config="true" signature="closeBrowser()[pri:0, instance:test.TC_004ForgotPassword@2df3b89c]" started-at="2025-04-29T17:20:43 IST" name="closeBrowser" finished-at="2025-04-29T17:20:44 IST" duration-ms="271" status="PASS">
          <reporter-output>
          </reporter-output>
        </test-method> <!-- closeBrowser -->
      </class> <!-- test.TC_004ForgotPassword -->
      <class name="test.TC_005SearchHotel">
        <test-method is-config="true" signature="setup()[pri:0, instance:test.TC_005SearchHotel@23348b5d]" started-at="2025-04-29T17:16:05 IST" name="setup" finished-at="2025-04-29T17:16:05 IST" duration-ms="0" status="PASS">
          <reporter-output>
          </reporter-output>
        </test-method> <!-- setup -->
        <test-method is-config="true" signature="testDetails()[pri:0, instance:test.TC_005SearchHotel@23348b5d]" started-at="2025-04-29T17:20:44 IST" name="testDetails" finished-at="2025-04-29T17:20:44 IST" duration-ms="2" status="PASS">
          <reporter-output>
          </reporter-output>
        </test-method> <!-- testDetails -->
        <test-method is-config="true" signature="launchingbrowserandloadingURL(java.lang.String,java.lang.String)[pri:0, instance:test.TC_005SearchHotel@23348b5d]" started-at="2025-04-29T17:20:44 IST" name="launchingbrowserandloadingURL" finished-at="2025-04-29T17:20:51 IST" duration-ms="6928" status="PASS">
          <params>
            <param index="0">
              <value>
                <![CDATA[https://adactinhotelapp.com/]]>
              </value>
            </param>
            <param index="1">
              <value>
                <![CDATA[Chrome]]>
              </value>
            </param>
          </params>
          <reporter-output>
          </reporter-output>
        </test-method> <!-- launchingbrowserandloadingURL -->
        <test-method signature="SeachHotelTest(java.lang.String,java.lang.String,java.lang.String,java.lang.String,java.lang.String,java.lang.String,java.lang.String,java.lang.String,java.lang.String,java.lang.String)[pri:0, instance:test.TC_005SearchHotel@23348b5d]" started-at="2025-04-29T17:20:51 IST" name="SeachHotelTest" data-provider="readdata" finished-at="2025-04-29T17:20:53 IST" duration-ms="2634" status="PASS">
          <params>
            <param index="0">
              <value>
                <![CDATA[]]>
              </value>
            </param>
            <param index="1">
              <value>
                <![CDATA[]]>
              </value>
            </param>
            <param index="2">
              <value>
                <![CDATA[]]>
              </value>
            </param>
            <param index="3">
              <value>
                <![CDATA[]]>
              </value>
            </param>
            <param index="4">
              <value>
                <![CDATA[]]>
              </value>
            </param>
            <param index="5">
              <value>
                <![CDATA[]]>
              </value>
            </param>
            <param index="6">
              <value>
                <![CDATA[]]>
              </value>
            </param>
            <param index="7">
              <value>
                <![CDATA[0]]>
              </value>
            </param>
            <param index="8">
              <value>
                <![CDATA[All Field Empty]]>
              </value>
            </param>
            <param index="9">
              <value>
                <![CDATA[(Fields marked with Red asterix (*) are mandatory)]]>
              </value>
            </param>
          </params>
          <reporter-output>
          </reporter-output>
        </test-method> <!-- SeachHotelTest -->
        <test-method is-config="true" signature="closeBrowser()[pri:0, instance:test.TC_005SearchHotel@23348b5d]" started-at="2025-04-29T17:20:54 IST" name="closeBrowser" finished-at="2025-04-29T17:20:54 IST" duration-ms="192" status="PASS">
          <reporter-output>
          </reporter-output>
        </test-method> <!-- closeBrowser -->
        <test-method is-config="true" signature="launchingbrowserandloadingURL(java.lang.String,java.lang.String)[pri:0, instance:test.TC_005SearchHotel@23348b5d]" started-at="2025-04-29T17:20:54 IST" name="launchingbrowserandloadingURL" finished-at="2025-04-29T17:21:01 IST" duration-ms="7133" status="PASS">
          <params>
            <param index="0">
              <value>
                <![CDATA[https://adactinhotelapp.com/]]>
              </value>
            </param>
            <param index="1">
              <value>
                <![CDATA[Chrome]]>
              </value>
            </param>
          </params>
          <reporter-output>
          </reporter-output>
        </test-method> <!-- launchingbrowserandloadingURL -->
        <test-method signature="SeachHotelTest(java.lang.String,java.lang.String,java.lang.String,java.lang.String,java.lang.String,java.lang.String,java.lang.String,java.lang.String,java.lang.String,java.lang.String)[pri:0, instance:test.TC_005SearchHotel@23348b5d]" started-at="2025-04-29T17:21:01 IST" name="SeachHotelTest" data-provider="readdata" finished-at="2025-04-29T17:21:03 IST" duration-ms="2379" status="PASS">
          <params>
            <param index="0">
              <value>
                <![CDATA[]]>
              </value>
            </param>
            <param index="1">
              <value>
                <![CDATA[Hotel Creek]]>
              </value>
            </param>
            <param index="2">
              <value>
                <![CDATA[Standard]]>
              </value>
            </param>
            <param index="3">
              <value>
                <![CDATA[2]]>
              </value>
            </param>
            <param index="4">
              <value>
                <![CDATA[20-05-2025]]>
              </value>
            </param>
            <param index="5">
              <value>
                <![CDATA[26-05-2025]]>
              </value>
            </param>
            <param index="6">
              <value>
                <![CDATA[2]]>
              </value>
            </param>
            <param index="7">
              <value>
                <![CDATA[0]]>
              </value>
            </param>
            <param index="8">
              <value>
                <![CDATA[Empty location field]]>
              </value>
            </param>
            <param index="9">
              <value>
                <![CDATA[Please Select a Location]]>
              </value>
            </param>
          </params>
          <reporter-output>
          </reporter-output>
        </test-method> <!-- SeachHotelTest -->
        <test-method is-config="true" signature="closeBrowser()[pri:0, instance:test.TC_005SearchHotel@23348b5d]" started-at="2025-04-29T17:21:04 IST" name="closeBrowser" finished-at="2025-04-29T17:21:04 IST" duration-ms="267" status="PASS">
          <reporter-output>
          </reporter-output>
        </test-method> <!-- closeBrowser -->
        <test-method is-config="true" signature="launchingbrowserandloadingURL(java.lang.String,java.lang.String)[pri:0, instance:test.TC_005SearchHotel@23348b5d]" started-at="2025-04-29T17:21:04 IST" name="launchingbrowserandloadingURL" finished-at="2025-04-29T17:21:11 IST" duration-ms="6727" status="PASS">
          <params>
            <param index="0">
              <value>
                <![CDATA[https://adactinhotelapp.com/]]>
              </value>
            </param>
            <param index="1">
              <value>
                <![CDATA[Chrome]]>
              </value>
            </param>
          </params>
          <reporter-output>
          </reporter-output>
        </test-method> <!-- launchingbrowserandloadingURL -->
        <test-method signature="SeachHotelTest(java.lang.String,java.lang.String,java.lang.String,java.lang.String,java.lang.String,java.lang.String,java.lang.String,java.lang.String,java.lang.String,java.lang.String)[pri:0, instance:test.TC_005SearchHotel@23348b5d]" started-at="2025-04-29T17:21:11 IST" name="SeachHotelTest" data-provider="readdata" finished-at="2025-04-29T17:21:13 IST" duration-ms="2792" status="PASS">
          <params>
            <param index="0">
              <value>
                <![CDATA[Melbourne]]>
              </value>
            </param>
            <param index="1">
              <value>
                <![CDATA[]]>
              </value>
            </param>
            <param index="2">
              <value>
                <![CDATA[]]>
              </value>
            </param>
            <param index="3">
              <value>
                <![CDATA[]]>
              </value>
            </param>
            <param index="4">
              <value>
                <![CDATA[21-05-2025]]>
              </value>
            </param>
            <param index="5">
              <value>
                <![CDATA[27-05-2025]]>
              </value>
            </param>
            <param index="6">
              <value>
                <![CDATA[3]]>
              </value>
            </param>
            <param index="7">
              <value>
                <![CDATA[1]]>
              </value>
            </param>
            <param index="8">
              <value>
                <![CDATA[Empty number of  rooms field]]>
              </value>
            </param>
            <param index="9">
              <value>
                <![CDATA[Please Select Total Number of Rooms]]>
              </value>
            </param>
          </params>
          <reporter-output>
          </reporter-output>
        </test-method> <!-- SeachHotelTest -->
        <test-method is-config="true" signature="closeBrowser()[pri:0, instance:test.TC_005SearchHotel@23348b5d]" started-at="2025-04-29T17:21:13 IST" name="closeBrowser" finished-at="2025-04-29T17:21:14 IST" duration-ms="237" status="PASS">
          <reporter-output>
          </reporter-output>
        </test-method> <!-- closeBrowser -->
        <test-method is-config="true" signature="launchingbrowserandloadingURL(java.lang.String,java.lang.String)[pri:0, instance:test.TC_005SearchHotel@23348b5d]" started-at="2025-04-29T17:21:14 IST" name="launchingbrowserandloadingURL" finished-at="2025-04-29T17:21:21 IST" duration-ms="7373" status="PASS">
          <params>
            <param index="0">
              <value>
                <![CDATA[https://adactinhotelapp.com/]]>
              </value>
            </param>
            <param index="1">
              <value>
                <![CDATA[Chrome]]>
              </value>
            </param>
          </params>
          <reporter-output>
          </reporter-output>
        </test-method> <!-- launchingbrowserandloadingURL -->
        <test-method signature="SeachHotelTest(java.lang.String,java.lang.String,java.lang.String,java.lang.String,java.lang.String,java.lang.String,java.lang.String,java.lang.String,java.lang.String,java.lang.String)[pri:0, instance:test.TC_005SearchHotel@23348b5d]" started-at="2025-04-29T17:21:21 IST" name="SeachHotelTest" data-provider="readdata" finished-at="2025-04-29T17:21:23 IST" duration-ms="2026" status="PASS">
          <params>
            <param index="0">
              <value>
                <![CDATA[Brisbane]]>
              </value>
            </param>
            <param index="1">
              <value>
                <![CDATA[Hotel Cornice]]>
              </value>
            </param>
            <param index="2">
              <value>
                <![CDATA[Deluxe]]>
              </value>
            </param>
            <param index="3">
              <value>
                <![CDATA[6]]>
              </value>
            </param>
            <param index="4">
              <value>
                <![CDATA[]]>
              </value>
            </param>
            <param index="5">
              <value>
                <![CDATA[29-05-2025]]>
              </value>
            </param>
            <param index="6">
              <value>
                <![CDATA[3]]>
              </value>
            </param>
            <param index="7">
              <value>
                <![CDATA[2]]>
              </value>
            </param>
            <param index="8">
              <value>
                <![CDATA[Empty checkin field]]>
              </value>
            </param>
            <param index="9">
              <value>
                <![CDATA[Please Select Check-In Date]]>
              </value>
            </param>
          </params>
          <reporter-output>
          </reporter-output>
        </test-method> <!-- SeachHotelTest -->
        <test-method is-config="true" signature="closeBrowser()[pri:0, instance:test.TC_005SearchHotel@23348b5d]" started-at="2025-04-29T17:21:23 IST" name="closeBrowser" finished-at="2025-04-29T17:21:23 IST" duration-ms="204" status="PASS">
          <reporter-output>
          </reporter-output>
        </test-method> <!-- closeBrowser -->
        <test-method is-config="true" signature="launchingbrowserandloadingURL(java.lang.String,java.lang.String)[pri:0, instance:test.TC_005SearchHotel@23348b5d]" started-at="2025-04-29T17:21:23 IST" name="launchingbrowserandloadingURL" finished-at="2025-04-29T17:21:31 IST" duration-ms="7903" status="PASS">
          <params>
            <param index="0">
              <value>
                <![CDATA[https://adactinhotelapp.com/]]>
              </value>
            </param>
            <param index="1">
              <value>
                <![CDATA[Chrome]]>
              </value>
            </param>
          </params>
          <reporter-output>
          </reporter-output>
        </test-method> <!-- launchingbrowserandloadingURL -->
        <test-method signature="SeachHotelTest(java.lang.String,java.lang.String,java.lang.String,java.lang.String,java.lang.String,java.lang.String,java.lang.String,java.lang.String,java.lang.String,java.lang.String)[pri:0, instance:test.TC_005SearchHotel@23348b5d]" started-at="2025-04-29T17:21:31 IST" name="SeachHotelTest" data-provider="readdata" finished-at="2025-04-29T17:21:33 IST" duration-ms="2125" status="PASS">
          <params>
            <param index="0">
              <value>
                <![CDATA[Los Angeles]]>
              </value>
            </param>
            <param index="1">
              <value>
                <![CDATA[]]>
              </value>
            </param>
            <param index="2">
              <value>
                <![CDATA[Super Deluxe]]>
              </value>
            </param>
            <param index="3">
              <value>
                <![CDATA[4]]>
              </value>
            </param>
            <param index="4">
              <value>
                <![CDATA[26-05-2025]]>
              </value>
            </param>
            <param index="5">
              <value>
                <![CDATA[]]>
              </value>
            </param>
            <param index="6">
              <value>
                <![CDATA[4]]>
              </value>
            </param>
            <param index="7">
              <value>
                <![CDATA[3]]>
              </value>
            </param>
            <param index="8">
              <value>
                <![CDATA[Empty checkout field]]>
              </value>
            </param>
            <param index="9">
              <value>
                <![CDATA[Please Select Check-Out Date]]>
              </value>
            </param>
          </params>
          <reporter-output>
          </reporter-output>
        </test-method> <!-- SeachHotelTest -->
        <test-method is-config="true" signature="closeBrowser()[pri:0, instance:test.TC_005SearchHotel@23348b5d]" started-at="2025-04-29T17:21:34 IST" name="closeBrowser" finished-at="2025-04-29T17:21:34 IST" duration-ms="241" status="PASS">
          <reporter-output>
          </reporter-output>
        </test-method> <!-- closeBrowser -->
        <test-method is-config="true" signature="launchingbrowserandloadingURL(java.lang.String,java.lang.String)[pri:0, instance:test.TC_005SearchHotel@23348b5d]" started-at="2025-04-29T17:21:34 IST" name="launchingbrowserandloadingURL" finished-at="2025-04-29T17:21:40 IST" duration-ms="6259" status="PASS">
          <params>
            <param index="0">
              <value>
                <![CDATA[https://adactinhotelapp.com/]]>
              </value>
            </param>
            <param index="1">
              <value>
                <![CDATA[Chrome]]>
              </value>
            </param>
          </params>
          <reporter-output>
          </reporter-output>
        </test-method> <!-- launchingbrowserandloadingURL -->
        <test-method signature="SeachHotelTest(java.lang.String,java.lang.String,java.lang.String,java.lang.String,java.lang.String,java.lang.String,java.lang.String,java.lang.String,java.lang.String,java.lang.String)[pri:0, instance:test.TC_005SearchHotel@23348b5d]" started-at="2025-04-29T17:21:40 IST" name="SeachHotelTest" data-provider="readdata" finished-at="2025-04-29T17:21:42 IST" duration-ms="2133" status="PASS">
          <params>
            <param index="0">
              <value>
                <![CDATA[Paris]]>
              </value>
            </param>
            <param index="1">
              <value>
                <![CDATA[]]>
              </value>
            </param>
            <param index="2">
              <value>
                <![CDATA[]]>
              </value>
            </param>
            <param index="3">
              <value>
                <![CDATA[8]]>
              </value>
            </param>
            <param index="4">
              <value>
                <![CDATA[22-05-2025]]>
              </value>
            </param>
            <param index="5">
              <value>
                <![CDATA[21-05-2025]]>
              </value>
            </param>
            <param index="6">
              <value>
                <![CDATA[]]>
              </value>
            </param>
            <param index="7">
              <value>
                <![CDATA[4]]>
              </value>
            </param>
            <param index="8">
              <value>
                <![CDATA[Empty adult per room field]]>
              </value>
            </param>
            <param index="9">
              <value>
                <![CDATA[Please Select Adults per Room]]>
              </value>
            </param>
          </params>
          <reporter-output>
          </reporter-output>
        </test-method> <!-- SeachHotelTest -->
        <test-method is-config="true" signature="closeBrowser()[pri:0, instance:test.TC_005SearchHotel@23348b5d]" started-at="2025-04-29T17:21:42 IST" name="closeBrowser" finished-at="2025-04-29T17:21:43 IST" duration-ms="233" status="PASS">
          <reporter-output>
          </reporter-output>
        </test-method> <!-- closeBrowser -->
        <test-method is-config="true" signature="launchingbrowserandloadingURL(java.lang.String,java.lang.String)[pri:0, instance:test.TC_005SearchHotel@23348b5d]" started-at="2025-04-29T17:21:43 IST" name="launchingbrowserandloadingURL" finished-at="2025-04-29T17:21:48 IST" duration-ms="5637" status="PASS">
          <params>
            <param index="0">
              <value>
                <![CDATA[https://adactinhotelapp.com/]]>
              </value>
            </param>
            <param index="1">
              <value>
                <![CDATA[Chrome]]>
              </value>
            </param>
          </params>
          <reporter-output>
          </reporter-output>
        </test-method> <!-- launchingbrowserandloadingURL -->
        <test-method signature="SeachHotelTest(java.lang.String,java.lang.String,java.lang.String,java.lang.String,java.lang.String,java.lang.String,java.lang.String,java.lang.String,java.lang.String,java.lang.String)[pri:0, instance:test.TC_005SearchHotel@23348b5d]" started-at="2025-04-29T17:21:48 IST" name="SeachHotelTest" data-provider="readdata" finished-at="2025-04-29T17:21:51 IST" duration-ms="2195" status="PASS">
          <params>
            <param index="0">
              <value>
                <![CDATA[Sydney]]>
              </value>
            </param>
            <param index="1">
              <value>
                <![CDATA[]]>
              </value>
            </param>
            <param index="2">
              <value>
                <![CDATA[]]>
              </value>
            </param>
            <param index="3">
              <value>
                <![CDATA[1]]>
              </value>
            </param>
            <param index="4">
              <value>
                <![CDATA[11-04-2025]]>
              </value>
            </param>
            <param index="5">
              <value>
                <![CDATA[09-04-2025]]>
              </value>
            </param>
            <param index="6">
              <value>
                <![CDATA[4]]>
              </value>
            </param>
            <param index="7">
              <value>
                <![CDATA[0]]>
              </value>
            </param>
            <param index="8">
              <value>
                <![CDATA[Enter the checkout date befor checkindate]]>
              </value>
            </param>
            <param index="9">
              <value>
                <![CDATA[Check-In Date shall be before than Check-Out Date]]>
              </value>
            </param>
          </params>
          <reporter-output>
          </reporter-output>
        </test-method> <!-- SeachHotelTest -->
        <test-method is-config="true" signature="closeBrowser()[pri:0, instance:test.TC_005SearchHotel@23348b5d]" started-at="2025-04-29T17:21:51 IST" name="closeBrowser" finished-at="2025-04-29T17:21:51 IST" duration-ms="192" status="PASS">
          <reporter-output>
          </reporter-output>
        </test-method> <!-- closeBrowser -->
        <test-method is-config="true" signature="launchingbrowserandloadingURL(java.lang.String,java.lang.String)[pri:0, instance:test.TC_005SearchHotel@23348b5d]" started-at="2025-04-29T17:21:51 IST" name="launchingbrowserandloadingURL" finished-at="2025-04-29T17:21:58 IST" duration-ms="6954" status="PASS">
          <params>
            <param index="0">
              <value>
                <![CDATA[https://adactinhotelapp.com/]]>
              </value>
            </param>
            <param index="1">
              <value>
                <![CDATA[Chrome]]>
              </value>
            </param>
          </params>
          <reporter-output>
          </reporter-output>
        </test-method> <!-- launchingbrowserandloadingURL -->
        <test-method signature="SeachHotelTest(java.lang.String,java.lang.String,java.lang.String,java.lang.String,java.lang.String,java.lang.String,java.lang.String,java.lang.String,java.lang.String,java.lang.String)[pri:0, instance:test.TC_005SearchHotel@23348b5d]" started-at="2025-04-29T17:21:58 IST" name="SeachHotelTest" data-provider="readdata" finished-at="2025-04-29T17:22:01 IST" duration-ms="2811" status="PASS">
          <params>
            <param index="0">
              <value>
                <![CDATA[New York]]>
              </value>
            </param>
            <param index="1">
              <value>
                <![CDATA[Hotel Sunshine]]>
              </value>
            </param>
            <param index="2">
              <value>
                <![CDATA[Double]]>
              </value>
            </param>
            <param index="3">
              <value>
                <![CDATA[3]]>
              </value>
            </param>
            <param index="4">
              <value>
                <![CDATA[05-05-2025]]>
              </value>
            </param>
            <param index="5">
              <value>
                <![CDATA[10-05-2025]]>
              </value>
            </param>
            <param index="6">
              <value>
                <![CDATA[3]]>
              </value>
            </param>
            <param index="7">
              <value>
                <![CDATA[3]]>
              </value>
            </param>
            <param index="8">
              <value>
                <![CDATA[valid  data]]>
              </value>
            </param>
            <param index="9">
              <value>
                <![CDATA[Select Hotel]]>
              </value>
            </param>
          </params>
          <reporter-output>
          </reporter-output>
        </test-method> <!-- SeachHotelTest -->
        <test-method is-config="true" signature="closeBrowser()[pri:0, instance:test.TC_005SearchHotel@23348b5d]" started-at="2025-04-29T17:22:01 IST" name="closeBrowser" finished-at="2025-04-29T17:22:01 IST" duration-ms="129" status="PASS">
          <reporter-output>
          </reporter-output>
        </test-method> <!-- closeBrowser -->
        <test-method is-config="true" signature="launchingbrowserandloadingURL(java.lang.String,java.lang.String)[pri:0, instance:test.TC_005SearchHotel@23348b5d]" started-at="2025-04-29T17:22:01 IST" name="launchingbrowserandloadingURL" finished-at="2025-04-29T17:22:07 IST" duration-ms="5638" status="PASS">
          <params>
            <param index="0">
              <value>
                <![CDATA[https://adactinhotelapp.com/]]>
              </value>
            </param>
            <param index="1">
              <value>
                <![CDATA[Chrome]]>
              </value>
            </param>
          </params>
          <reporter-output>
          </reporter-output>
        </test-method> <!-- launchingbrowserandloadingURL -->
        <test-method signature="SeachHotelTest(java.lang.String,java.lang.String,java.lang.String,java.lang.String,java.lang.String,java.lang.String,java.lang.String,java.lang.String,java.lang.String,java.lang.String)[pri:0, instance:test.TC_005SearchHotel@23348b5d]" started-at="2025-04-29T17:22:07 IST" name="SeachHotelTest" data-provider="readdata" finished-at="2025-04-29T17:22:09 IST" duration-ms="2853" status="PASS">
          <params>
            <param index="0">
              <value>
                <![CDATA[Adelaide]]>
              </value>
            </param>
            <param index="1">
              <value>
                <![CDATA[]]>
              </value>
            </param>
            <param index="2">
              <value>
                <![CDATA[]]>
              </value>
            </param>
            <param index="3">
              <value>
                <![CDATA[2]]>
              </value>
            </param>
            <param index="4">
              <value>
                <![CDATA[34/05/2025]]>
              </value>
            </param>
            <param index="5">
              <value>
                <![CDATA[38/05/2025]]>
              </value>
            </param>
            <param index="6">
              <value>
                <![CDATA[3]]>
              </value>
            </param>
            <param index="7">
              <value>
                <![CDATA[0]]>
              </value>
            </param>
            <param index="8">
              <value>
                <![CDATA[valid data]]>
              </value>
            </param>
            <param index="9">
              <value>
                <![CDATA[Select Hotel]]>
              </value>
            </param>
          </params>
          <reporter-output>
          </reporter-output>
        </test-method> <!-- SeachHotelTest -->
        <test-method is-config="true" signature="closeBrowser()[pri:0, instance:test.TC_005SearchHotel@23348b5d]" started-at="2025-04-29T17:22:10 IST" name="closeBrowser" finished-at="2025-04-29T17:22:10 IST" duration-ms="192" status="PASS">
          <reporter-output>
          </reporter-output>
        </test-method> <!-- closeBrowser -->
      </class> <!-- test.TC_005SearchHotel -->
      <class name="test.TC_002ResetData">
        <test-method is-config="true" signature="setup()[pri:0, instance:test.TC_002ResetData@55b0dcab]" started-at="2025-04-29T17:16:05 IST" name="setup" finished-at="2025-04-29T17:16:05 IST" duration-ms="1" status="PASS">
          <reporter-output>
          </reporter-output>
        </test-method> <!-- setup -->
        <test-method is-config="true" signature="testDetails()[pri:0, instance:test.TC_002ResetData@55b0dcab]" started-at="2025-04-29T17:19:07 IST" name="testDetails" finished-at="2025-04-29T17:19:07 IST" duration-ms="4" status="PASS">
          <reporter-output>
          </reporter-output>
        </test-method> <!-- testDetails -->
        <test-method is-config="true" signature="launchingbrowserandloadingURL(java.lang.String,java.lang.String)[pri:0, instance:test.TC_002ResetData@55b0dcab]" started-at="2025-04-29T17:19:08 IST" name="launchingbrowserandloadingURL" finished-at="2025-04-29T17:19:15 IST" duration-ms="6713" status="PASS">
          <params>
            <param index="0">
              <value>
                <![CDATA[https://adactinhotelapp.com/]]>
              </value>
            </param>
            <param index="1">
              <value>
                <![CDATA[Chrome]]>
              </value>
            </param>
          </params>
          <reporter-output>
          </reporter-output>
        </test-method> <!-- launchingbrowserandloadingURL -->
        <test-method signature="userRegistration(java.lang.String,java.lang.String,java.lang.String,java.lang.String,java.lang.String)[pri:0, instance:test.TC_002ResetData@55b0dcab]" started-at="2025-04-29T17:19:15 IST" name="userRegistration" data-provider="readdata" finished-at="2025-04-29T17:19:16 IST" duration-ms="1787" status="PASS">
          <params>
            <param index="0">
              <value>
                <![CDATA[vinobhas]]>
              </value>
            </param>
            <param index="1">
              <value>
                <![CDATA[vino123]]>
              </value>
            </param>
            <param index="2">
              <value>
                <![CDATA[vino123]]>
              </value>
            </param>
            <param index="3">
              <value>
                <![CDATA[vinobha]]>
              </value>
            </param>
            <param index="4">
              <value>
                <![CDATA[vinobha@kmail.com]]>
              </value>
            </param>
          </params>
          <reporter-output>
          </reporter-output>
        </test-method> <!-- userRegistration -->
        <test-method is-config="true" signature="closeBrowser()[pri:0, instance:test.TC_002ResetData@55b0dcab]" started-at="2025-04-29T17:19:17 IST" name="closeBrowser" finished-at="2025-04-29T17:19:17 IST" duration-ms="174" status="PASS">
          <reporter-output>
          </reporter-output>
        </test-method> <!-- closeBrowser -->
      </class> <!-- test.TC_002ResetData -->
      <class name="test.TC_008Changepassword">
        <test-method is-config="true" signature="setup()[pri:0, instance:test.TC_008Changepassword@7c9d8e2]" started-at="2025-04-29T17:16:05 IST" name="setup" finished-at="2025-04-29T17:16:05 IST" duration-ms="0" status="PASS">
          <reporter-output>
          </reporter-output>
        </test-method> <!-- setup -->
        <test-method is-config="true" signature="testDetails()[pri:0, instance:test.TC_008Changepassword@7c9d8e2]" started-at="2025-04-29T17:25:09 IST" name="testDetails" finished-at="2025-04-29T17:25:09 IST" duration-ms="3" status="PASS">
          <reporter-output>
          </reporter-output>
        </test-method> <!-- testDetails -->
        <test-method is-config="true" signature="launchingbrowserandloadingURL(java.lang.String,java.lang.String)[pri:0, instance:test.TC_008Changepassword@7c9d8e2]" started-at="2025-04-29T17:25:09 IST" name="launchingbrowserandloadingURL" finished-at="2025-04-29T17:25:16 IST" duration-ms="6827" status="PASS">
          <params>
            <param index="0">
              <value>
                <![CDATA[https://adactinhotelapp.com/]]>
              </value>
            </param>
            <param index="1">
              <value>
                <![CDATA[Chrome]]>
              </value>
            </param>
          </params>
          <reporter-output>
          </reporter-output>
        </test-method> <!-- launchingbrowserandloadingURL -->
        <test-method signature="change_PasswordTest(java.lang.String,java.lang.String,java.lang.String,java.lang.String,java.lang.String)[pri:0, instance:test.TC_008Changepassword@7c9d8e2]" started-at="2025-04-29T17:25:16 IST" name="change_PasswordTest" data-provider="readdata" finished-at="2025-04-29T17:25:19 IST" duration-ms="3042" status="PASS">
          <params>
            <param index="0">
              <value>
                <![CDATA[]]>
              </value>
            </param>
            <param index="1">
              <value>
                <![CDATA[]]>
              </value>
            </param>
            <param index="2">
              <value>
                <![CDATA[]]>
              </value>
            </param>
            <param index="3">
              <value>
                <![CDATA[All text field empty]]>
              </value>
            </param>
            <param index="4">
              <value>
                <![CDATA[Please enter correct current password!!!]]>
              </value>
            </param>
          </params>
          <reporter-output>
          </reporter-output>
        </test-method> <!-- change_PasswordTest -->
        <test-method is-config="true" signature="closeBrowser()[pri:0, instance:test.TC_008Changepassword@7c9d8e2]" started-at="2025-04-29T17:25:19 IST" name="closeBrowser" finished-at="2025-04-29T17:25:20 IST" duration-ms="274" status="PASS">
          <reporter-output>
          </reporter-output>
        </test-method> <!-- closeBrowser -->
        <test-method is-config="true" signature="launchingbrowserandloadingURL(java.lang.String,java.lang.String)[pri:0, instance:test.TC_008Changepassword@7c9d8e2]" started-at="2025-04-29T17:25:20 IST" name="launchingbrowserandloadingURL" finished-at="2025-04-29T17:25:26 IST" duration-ms="6429" status="PASS">
          <params>
            <param index="0">
              <value>
                <![CDATA[https://adactinhotelapp.com/]]>
              </value>
            </param>
            <param index="1">
              <value>
                <![CDATA[Chrome]]>
              </value>
            </param>
          </params>
          <reporter-output>
          </reporter-output>
        </test-method> <!-- launchingbrowserandloadingURL -->
        <test-method signature="change_PasswordTest(java.lang.String,java.lang.String,java.lang.String,java.lang.String,java.lang.String)[pri:0, instance:test.TC_008Changepassword@7c9d8e2]" started-at="2025-04-29T17:25:26 IST" name="change_PasswordTest" data-provider="readdata" finished-at="2025-04-29T17:25:29 IST" duration-ms="3036" status="PASS">
          <params>
            <param index="0">
              <value>
                <![CDATA[Vaishu07]]>
              </value>
            </param>
            <param index="1">
              <value>
                <![CDATA[Vaishu123]]>
              </value>
            </param>
            <param index="2">
              <value>
                <![CDATA[Vaishu123]]>
              </value>
            </param>
            <param index="3">
              <value>
                <![CDATA[valid data]]>
              </value>
            </param>
            <param index="4">
              <value>
                <![CDATA[Your Password is successfully updated!!!]]>
              </value>
            </param>
          </params>
          <reporter-output>
          </reporter-output>
        </test-method> <!-- change_PasswordTest -->
        <test-method is-config="true" signature="closeBrowser()[pri:0, instance:test.TC_008Changepassword@7c9d8e2]" started-at="2025-04-29T17:25:29 IST" name="closeBrowser" finished-at="2025-04-29T17:25:30 IST" duration-ms="165" status="PASS">
          <reporter-output>
          </reporter-output>
        </test-method> <!-- closeBrowser -->
      </class> <!-- test.TC_008Changepassword -->
      <class name="test.TC_006BookingHotel">
        <test-method is-config="true" signature="setup()[pri:0, instance:test.TC_006BookingHotel@70325e14]" started-at="2025-04-29T17:16:05 IST" name="setup" finished-at="2025-04-29T17:16:05 IST" duration-ms="0" status="PASS">
          <reporter-output>
          </reporter-output>
        </test-method> <!-- setup -->
        <test-method is-config="true" signature="testDetails()[pri:0, instance:test.TC_006BookingHotel@70325e14]" started-at="2025-04-29T17:22:10 IST" name="testDetails" finished-at="2025-04-29T17:22:10 IST" duration-ms="3" status="PASS">
          <reporter-output>
          </reporter-output>
        </test-method> <!-- testDetails -->
        <test-method is-config="true" signature="launchingbrowserandloadingURL(java.lang.String,java.lang.String)[pri:0, instance:test.TC_006BookingHotel@70325e14]" started-at="2025-04-29T17:22:10 IST" name="launchingbrowserandloadingURL" finished-at="2025-04-29T17:22:17 IST" duration-ms="7228" status="PASS">
          <params>
            <param index="0">
              <value>
                <![CDATA[https://adactinhotelapp.com/]]>
              </value>
            </param>
            <param index="1">
              <value>
                <![CDATA[Chrome]]>
              </value>
            </param>
          </params>
          <reporter-output>
          </reporter-output>
        </test-method> <!-- launchingbrowserandloadingURL -->
        <test-method signature="booking(java.lang.String,java.lang.String,java.lang.String,java.lang.String,java.lang.String,java.lang.String,java.lang.String,java.lang.String,java.lang.String,java.lang.String)[pri:0, instance:test.TC_006BookingHotel@70325e14]" started-at="2025-04-29T17:22:17 IST" name="booking" data-provider="readdata" finished-at="2025-04-29T17:22:21 IST" duration-ms="3769" status="PASS">
          <params>
            <param index="0">
              <value>
                <![CDATA[]]>
              </value>
            </param>
            <param index="1">
              <value>
                <![CDATA[]]>
              </value>
            </param>
            <param index="2">
              <value>
                <![CDATA[]]>
              </value>
            </param>
            <param index="3">
              <value>
                <![CDATA[]]>
              </value>
            </param>
            <param index="4">
              <value>
                <![CDATA[Other]]>
              </value>
            </param>
            <param index="5">
              <value>
                <![CDATA[July]]>
              </value>
            </param>
            <param index="6">
              <value>
                <![CDATA[2028]]>
              </value>
            </param>
            <param index="7">
              <value>
                <![CDATA[]]>
              </value>
            </param>
            <param index="8">
              <value>
                <![CDATA[All field Empty]]>
              </value>
            </param>
            <param index="9">
              <value>
                <![CDATA[Please Enter your First Name]]>
              </value>
            </param>
          </params>
          <reporter-output>
          </reporter-output>
        </test-method> <!-- booking -->
        <test-method is-config="true" signature="closeBrowser()[pri:0, instance:test.TC_006BookingHotel@70325e14]" started-at="2025-04-29T17:22:21 IST" name="closeBrowser" finished-at="2025-04-29T17:22:21 IST" duration-ms="142" status="PASS">
          <reporter-output>
          </reporter-output>
        </test-method> <!-- closeBrowser -->
        <test-method is-config="true" signature="launchingbrowserandloadingURL(java.lang.String,java.lang.String)[pri:0, instance:test.TC_006BookingHotel@70325e14]" started-at="2025-04-29T17:22:21 IST" name="launchingbrowserandloadingURL" finished-at="2025-04-29T17:22:29 IST" duration-ms="7200" status="PASS">
          <params>
            <param index="0">
              <value>
                <![CDATA[https://adactinhotelapp.com/]]>
              </value>
            </param>
            <param index="1">
              <value>
                <![CDATA[Chrome]]>
              </value>
            </param>
          </params>
          <reporter-output>
          </reporter-output>
        </test-method> <!-- launchingbrowserandloadingURL -->
        <test-method signature="booking(java.lang.String,java.lang.String,java.lang.String,java.lang.String,java.lang.String,java.lang.String,java.lang.String,java.lang.String,java.lang.String,java.lang.String)[pri:0, instance:test.TC_006BookingHotel@70325e14]" started-at="2025-04-29T17:22:29 IST" name="booking" data-provider="readdata" finished-at="2025-04-29T17:22:33 IST" duration-ms="4316" status="PASS">
          <params>
            <param index="0">
              <value>
                <![CDATA[]]>
              </value>
            </param>
            <param index="1">
              <value>
                <![CDATA[sekar]]>
              </value>
            </param>
            <param index="2">
              <value>
                <![CDATA[chennai]]>
              </value>
            </param>
            <param index="3">
              <value>
                <![CDATA[9876545678956430]]>
              </value>
            </param>
            <param index="4">
              <value>
                <![CDATA[American Express]]>
              </value>
            </param>
            <param index="5">
              <value>
                <![CDATA[February]]>
              </value>
            </param>
            <param index="6">
              <value>
                <![CDATA[2029]]>
              </value>
            </param>
            <param index="7">
              <value>
                <![CDATA[2345]]>
              </value>
            </param>
            <param index="8">
              <value>
                <![CDATA[Firstname field empty]]>
              </value>
            </param>
            <param index="9">
              <value>
                <![CDATA[Please Enter your First Name]]>
              </value>
            </param>
          </params>
          <reporter-output>
          </reporter-output>
        </test-method> <!-- booking -->
        <test-method is-config="true" signature="closeBrowser()[pri:0, instance:test.TC_006BookingHotel@70325e14]" started-at="2025-04-29T17:22:33 IST" name="closeBrowser" finished-at="2025-04-29T17:22:33 IST" duration-ms="274" status="PASS">
          <reporter-output>
          </reporter-output>
        </test-method> <!-- closeBrowser -->
        <test-method is-config="true" signature="launchingbrowserandloadingURL(java.lang.String,java.lang.String)[pri:0, instance:test.TC_006BookingHotel@70325e14]" started-at="2025-04-29T17:22:33 IST" name="launchingbrowserandloadingURL" finished-at="2025-04-29T17:22:40 IST" duration-ms="6903" status="PASS">
          <params>
            <param index="0">
              <value>
                <![CDATA[https://adactinhotelapp.com/]]>
              </value>
            </param>
            <param index="1">
              <value>
                <![CDATA[Chrome]]>
              </value>
            </param>
          </params>
          <reporter-output>
          </reporter-output>
        </test-method> <!-- launchingbrowserandloadingURL -->
        <test-method signature="booking(java.lang.String,java.lang.String,java.lang.String,java.lang.String,java.lang.String,java.lang.String,java.lang.String,java.lang.String,java.lang.String,java.lang.String)[pri:0, instance:test.TC_006BookingHotel@70325e14]" started-at="2025-04-29T17:22:40 IST" name="booking" data-provider="readdata" finished-at="2025-04-29T17:22:45 IST" duration-ms="4311" status="PASS">
          <params>
            <param index="0">
              <value>
                <![CDATA[brindha]]>
              </value>
            </param>
            <param index="1">
              <value>
                <![CDATA[]]>
              </value>
            </param>
            <param index="2">
              <value>
                <![CDATA[trichy]]>
              </value>
            </param>
            <param index="3">
              <value>
                <![CDATA[5678934265238950]]>
              </value>
            </param>
            <param index="4">
              <value>
                <![CDATA[Master Card]]>
              </value>
            </param>
            <param index="5">
              <value>
                <![CDATA[November]]>
              </value>
            </param>
            <param index="6">
              <value>
                <![CDATA[2025]]>
              </value>
            </param>
            <param index="7">
              <value>
                <![CDATA[345]]>
              </value>
            </param>
            <param index="8">
              <value>
                <![CDATA[Lastname field empty]]>
              </value>
            </param>
            <param index="9">
              <value>
                <![CDATA[Please Enter you Last Name]]>
              </value>
            </param>
          </params>
          <reporter-output>
          </reporter-output>
        </test-method> <!-- booking -->
        <test-method is-config="true" signature="closeBrowser()[pri:0, instance:test.TC_006BookingHotel@70325e14]" started-at="2025-04-29T17:22:45 IST" name="closeBrowser" finished-at="2025-04-29T17:22:45 IST" duration-ms="160" status="PASS">
          <reporter-output>
          </reporter-output>
        </test-method> <!-- closeBrowser -->
        <test-method is-config="true" signature="launchingbrowserandloadingURL(java.lang.String,java.lang.String)[pri:0, instance:test.TC_006BookingHotel@70325e14]" started-at="2025-04-29T17:22:45 IST" name="launchingbrowserandloadingURL" finished-at="2025-04-29T17:22:52 IST" duration-ms="7246" status="PASS">
          <params>
            <param index="0">
              <value>
                <![CDATA[https://adactinhotelapp.com/]]>
              </value>
            </param>
            <param index="1">
              <value>
                <![CDATA[Chrome]]>
              </value>
            </param>
          </params>
          <reporter-output>
          </reporter-output>
        </test-method> <!-- launchingbrowserandloadingURL -->
        <test-method signature="booking(java.lang.String,java.lang.String,java.lang.String,java.lang.String,java.lang.String,java.lang.String,java.lang.String,java.lang.String,java.lang.String,java.lang.String)[pri:0, instance:test.TC_006BookingHotel@70325e14]" started-at="2025-04-29T17:22:52 IST" name="booking" data-provider="readdata" finished-at="2025-04-29T17:22:56 IST" duration-ms="3668" status="PASS">
          <params>
            <param index="0">
              <value>
                <![CDATA[divya]]>
              </value>
            </param>
            <param index="1">
              <value>
                <![CDATA[k]]>
              </value>
            </param>
            <param index="2">
              <value>
                <![CDATA[]]>
              </value>
            </param>
            <param index="3">
              <value>
                <![CDATA[3876529846710960]]>
              </value>
            </param>
            <param index="4">
              <value>
                <![CDATA[VISA]]>
              </value>
            </param>
            <param index="5">
              <value>
                <![CDATA[September]]>
              </value>
            </param>
            <param index="6">
              <value>
                <![CDATA[2030]]>
              </value>
            </param>
            <param index="7">
              <value>
                <![CDATA[98]]>
              </value>
            </param>
            <param index="8">
              <value>
                <![CDATA[address field empty]]>
              </value>
            </param>
            <param index="9">
              <value>
                <![CDATA[Please Enter your Address]]>
              </value>
            </param>
          </params>
          <reporter-output>
          </reporter-output>
        </test-method> <!-- booking -->
        <test-method is-config="true" signature="closeBrowser()[pri:0, instance:test.TC_006BookingHotel@70325e14]" started-at="2025-04-29T17:22:56 IST" name="closeBrowser" finished-at="2025-04-29T17:22:56 IST" duration-ms="141" status="PASS">
          <reporter-output>
          </reporter-output>
        </test-method> <!-- closeBrowser -->
        <test-method is-config="true" signature="launchingbrowserandloadingURL(java.lang.String,java.lang.String)[pri:0, instance:test.TC_006BookingHotel@70325e14]" started-at="2025-04-29T17:22:56 IST" name="launchingbrowserandloadingURL" finished-at="2025-04-29T17:23:03 IST" duration-ms="6907" status="PASS">
          <params>
            <param index="0">
              <value>
                <![CDATA[https://adactinhotelapp.com/]]>
              </value>
            </param>
            <param index="1">
              <value>
                <![CDATA[Chrome]]>
              </value>
            </param>
          </params>
          <reporter-output>
          </reporter-output>
        </test-method> <!-- launchingbrowserandloadingURL -->
        <test-method signature="booking(java.lang.String,java.lang.String,java.lang.String,java.lang.String,java.lang.String,java.lang.String,java.lang.String,java.lang.String,java.lang.String,java.lang.String)[pri:0, instance:test.TC_006BookingHotel@70325e14]" started-at="2025-04-29T17:23:03 IST" name="booking" data-provider="readdata" finished-at="2025-04-29T17:23:07 IST" duration-ms="4135" status="PASS">
          <params>
            <param index="0">
              <value>
                <![CDATA[keshav]]>
              </value>
            </param>
            <param index="1">
              <value>
                <![CDATA[kesh]]>
              </value>
            </param>
            <param index="2">
              <value>
                <![CDATA[madurai]]>
              </value>
            </param>
            <param index="3">
              <value>
                <![CDATA[]]>
              </value>
            </param>
            <param index="4">
              <value>
                <![CDATA[Other]]>
              </value>
            </param>
            <param index="5">
              <value>
                <![CDATA[July]]>
              </value>
            </param>
            <param index="6">
              <value>
                <![CDATA[2023]]>
              </value>
            </param>
            <param index="7">
              <value>
                <![CDATA[9]]>
              </value>
            </param>
            <param index="8">
              <value>
                <![CDATA[creditcard field empty]]>
              </value>
            </param>
            <param index="9">
              <value>
                <![CDATA[Please Enter your 16 Digit Credit Card Number]]>
              </value>
            </param>
          </params>
          <reporter-output>
          </reporter-output>
        </test-method> <!-- booking -->
        <test-method is-config="true" signature="closeBrowser()[pri:0, instance:test.TC_006BookingHotel@70325e14]" started-at="2025-04-29T17:23:07 IST" name="closeBrowser" finished-at="2025-04-29T17:23:07 IST" duration-ms="143" status="PASS">
          <reporter-output>
          </reporter-output>
        </test-method> <!-- closeBrowser -->
        <test-method is-config="true" signature="launchingbrowserandloadingURL(java.lang.String,java.lang.String)[pri:0, instance:test.TC_006BookingHotel@70325e14]" started-at="2025-04-29T17:23:07 IST" name="launchingbrowserandloadingURL" finished-at="2025-04-29T17:23:14 IST" duration-ms="6893" status="PASS">
          <params>
            <param index="0">
              <value>
                <![CDATA[https://adactinhotelapp.com/]]>
              </value>
            </param>
            <param index="1">
              <value>
                <![CDATA[Chrome]]>
              </value>
            </param>
          </params>
          <reporter-output>
          </reporter-output>
        </test-method> <!-- launchingbrowserandloadingURL -->
        <test-method signature="booking(java.lang.String,java.lang.String,java.lang.String,java.lang.String,java.lang.String,java.lang.String,java.lang.String,java.lang.String,java.lang.String,java.lang.String)[pri:0, instance:test.TC_006BookingHotel@70325e14]" started-at="2025-04-29T17:23:14 IST" name="booking" data-provider="readdata" finished-at="2025-04-29T17:23:19 IST" duration-ms="4300" status="PASS">
          <params>
            <param index="0">
              <value>
                <![CDATA[edvin]]>
              </value>
            </param>
            <param index="1">
              <value>
                <![CDATA[jhon]]>
              </value>
            </param>
            <param index="2">
              <value>
                <![CDATA[bangalore]]>
              </value>
            </param>
            <param index="3">
              <value>
                <![CDATA[23465]]>
              </value>
            </param>
            <param index="4">
              <value>
                <![CDATA[VISA]]>
              </value>
            </param>
            <param index="5">
              <value>
                <![CDATA[December]]>
              </value>
            </param>
            <param index="6">
              <value>
                <![CDATA[2028]]>
              </value>
            </param>
            <param index="7">
              <value>
                <![CDATA[678]]>
              </value>
            </param>
            <param index="8">
              <value>
                <![CDATA[enter less than 16 digit]]>
              </value>
            </param>
            <param index="9">
              <value>
                <![CDATA[Please Enter your 16 Digit Credit Card Number]]>
              </value>
            </param>
          </params>
          <reporter-output>
          </reporter-output>
        </test-method> <!-- booking -->
        <test-method is-config="true" signature="closeBrowser()[pri:0, instance:test.TC_006BookingHotel@70325e14]" started-at="2025-04-29T17:23:19 IST" name="closeBrowser" finished-at="2025-04-29T17:23:19 IST" duration-ms="192" status="PASS">
          <reporter-output>
          </reporter-output>
        </test-method> <!-- closeBrowser -->
        <test-method is-config="true" signature="launchingbrowserandloadingURL(java.lang.String,java.lang.String)[pri:0, instance:test.TC_006BookingHotel@70325e14]" started-at="2025-04-29T17:23:19 IST" name="launchingbrowserandloadingURL" finished-at="2025-04-29T17:23:25 IST" duration-ms="6512" status="PASS">
          <params>
            <param index="0">
              <value>
                <![CDATA[https://adactinhotelapp.com/]]>
              </value>
            </param>
            <param index="1">
              <value>
                <![CDATA[Chrome]]>
              </value>
            </param>
          </params>
          <reporter-output>
          </reporter-output>
        </test-method> <!-- launchingbrowserandloadingURL -->
        <test-method signature="booking(java.lang.String,java.lang.String,java.lang.String,java.lang.String,java.lang.String,java.lang.String,java.lang.String,java.lang.String,java.lang.String,java.lang.String)[pri:0, instance:test.TC_006BookingHotel@70325e14]" started-at="2025-04-29T17:23:25 IST" name="booking" data-provider="readdata" finished-at="2025-04-29T17:23:30 IST" duration-ms="4649" status="PASS">
          <params>
[...]
            <param index="0">
              <value>
                <![CDATA[Deekshasiva]]>
              </value>
            </param>
            <param index="1">
              <value>
                <![CDATA[]]>
              </value>
            </param>
            <param index="2">
              <value>
                <![CDATA[deeksha]]>
              </value>
            </param>
            <param index="3">
              <value>
                <![CDATA[Deeksha]]>
              </value>
            </param>
            <param index="4">
              <value>
                <![CDATA[deeksha@kmail.com]]>
              </value>
            </param>
            <param index="5">
              <value>
                <![CDATA[password field is Empty]]>
              </value>
            </param>
            <param index="6">
              <value>
                <![CDATA[Password is Empty]]>
              </value>
            </param>
          </params>
          <reporter-output>
          </reporter-output>
        </test-method> <!-- userRegistration -->
        <test-method is-config="true" signature="closeBrowser()[pri:0, instance:test.TC_001Resgistration@7770f470]" started-at="2025-04-29T17:17:38 IST" name="closeBrowser" finished-at="2025-04-29T17:17:38 IST" duration-ms="260" status="PASS">
          <reporter-output>
          </reporter-output>
        </test-method> <!-- closeBrowser -->
        <test-method is-config="true" signature="launchingbrowserandloadingURL(java.lang.String,java.lang.String)[pri:0, instance:test.TC_001Resgistration@7770f470]" started-at="2025-04-29T17:17:38 IST" name="launchingbrowserandloadingURL" finished-at="2025-04-29T17:17:46 IST" duration-ms="7687" status="PASS">
          <params>
            <param index="0">
              <value>
                <![CDATA[https://adactinhotelapp.com/]]>
              </value>
            </param>
            <param index="1">
              <value>
                <![CDATA[Chrome]]>
              </value>
            </param>
          </params>
          <reporter-output>
          </reporter-output>
        </test-method> <!-- launchingbrowserandloadingURL -->
        <test-method signature="userRegistration(java.lang.String,java.lang.String,java.lang.String,java.lang.String,java.lang.String,java.lang.String,java.lang.String)[pri:0, instance:test.TC_001Resgistration@7770f470]" started-at="2025-04-29T17:17:46 IST" name="userRegistration" data-provider="readdata" finished-at="2025-04-29T17:17:47 IST" duration-ms="1848" status="PASS">
          <params>
            <param index="0">
              <value>
                <![CDATA[GunaSekar]]>
              </value>
            </param>
            <param index="1">
              <value>
                <![CDATA[guna123]]>
              </value>
            </param>
            <param index="2">
              <value>
                <![CDATA[]]>
              </value>
            </param>
            <param index="3">
              <value>
                <![CDATA[Guna]]>
              </value>
            </param>
            <param index="4">
              <value>
                <![CDATA[Guna23@kmail.com]]>
              </value>
            </param>
            <param index="5">
              <value>
                <![CDATA[Confirm pwd field empty]]>
              </value>
            </param>
            <param index="6">
              <value>
                <![CDATA[Confirm Password is Empty]]>
              </value>
            </param>
          </params>
          <reporter-output>
          </reporter-output>
        </test-method> <!-- userRegistration -->
        <test-method is-config="true" signature="closeBrowser()[pri:0, instance:test.TC_001Resgistration@7770f470]" started-at="2025-04-29T17:17:48 IST" name="closeBrowser" finished-at="2025-04-29T17:17:48 IST" duration-ms="183" status="PASS">
          <reporter-output>
          </reporter-output>
        </test-method> <!-- closeBrowser -->
        <test-method is-config="true" signature="launchingbrowserandloadingURL(java.lang.String,java.lang.String)[pri:0, instance:test.TC_001Resgistration@7770f470]" started-at="2025-04-29T17:17:48 IST" name="launchingbrowserandloadingURL" finished-at="2025-04-29T17:17:54 IST" duration-ms="6178" status="PASS">
          <params>
            <param index="0">
              <value>
                <![CDATA[https://adactinhotelapp.com/]]>
              </value>
            </param>
            <param index="1">
              <value>
                <![CDATA[Chrome]]>
              </value>
            </param>
          </params>
          <reporter-output>
          </reporter-output>
        </test-method> <!-- launchingbrowserandloadingURL -->
        <test-method signature="userRegistration(java.lang.String,java.lang.String,java.lang.String,java.lang.String,java.lang.String,java.lang.String,java.lang.String)[pri:0, instance:test.TC_001Resgistration@7770f470]" started-at="2025-04-29T17:17:54 IST" name="userRegistration" data-provider="readdata" finished-at="2025-04-29T17:17:56 IST" duration-ms="1662" status="PASS">
          <params>
            <param index="0">
              <value>
                <![CDATA[Umapathy65]]>
              </value>
            </param>
            <param index="1">
              <value>
                <![CDATA[uma123]]>
              </value>
            </param>
            <param index="2">
              <value>
                <![CDATA[uma123]]>
              </value>
            </param>
            <param index="3">
              <value>
                <![CDATA[]]>
              </value>
            </param>
            <param index="4">
              <value>
                <![CDATA[uma@kmail.com]]>
              </value>
            </param>
            <param index="5">
              <value>
                <![CDATA[Full name field is empty]]>
              </value>
            </param>
            <param index="6">
              <value>
                <![CDATA[Full Name is Empty]]>
              </value>
            </param>
          </params>
          <reporter-output>
          </reporter-output>
        </test-method> <!-- userRegistration -->
        <test-method is-config="true" signature="closeBrowser()[pri:0, instance:test.TC_001Resgistration@7770f470]" started-at="2025-04-29T17:17:56 IST" name="closeBrowser" finished-at="2025-04-29T17:17:56 IST" duration-ms="241" status="PASS">
          <reporter-output>
          </reporter-output>
        </test-method> <!-- closeBrowser -->
        <test-method is-config="true" signature="launchingbrowserandloadingURL(java.lang.String,java.lang.String)[pri:0, instance:test.TC_001Resgistration@7770f470]" started-at="2025-04-29T17:17:56 IST" name="launchingbrowserandloadingURL" finished-at="2025-04-29T17:18:03 IST" duration-ms="6731" status="PASS">
          <params>
            <param index="0">
              <value>
                <![CDATA[https://adactinhotelapp.com/]]>
              </value>
            </param>
            <param index="1">
              <value>
                <![CDATA[Chrome]]>
              </value>
            </param>
          </params>
          <reporter-output>
          </reporter-output>
        </test-method> <!-- launchingbrowserandloadingURL -->
        <test-method signature="userRegistration(java.lang.String,java.lang.String,java.lang.String,java.lang.String,java.lang.String,java.lang.String,java.lang.String)[pri:0, instance:test.TC_001Resgistration@7770f470]" started-at="2025-04-29T17:18:03 IST" name="userRegistration" data-provider="readdata" finished-at="2025-04-29T17:18:05 IST" duration-ms="1851" status="PASS">
          <params>
            <param index="0">
              <value>
                <![CDATA[Premchand]]>
              </value>
            </param>
            <param index="1">
              <value>
                <![CDATA[&prem23]]>
              </value>
            </param>
            <param index="2">
              <value>
                <![CDATA[&prem123]]>
              </value>
            </param>
            <param index="3">
              <value>
                <![CDATA[Prem]]>
              </value>
            </param>
            <param index="4">
              <value>
                <![CDATA[]]>
              </value>
            </param>
            <param index="5">
              <value>
                <![CDATA[Email field is Empty]]>
              </value>
            </param>
            <param index="6">
              <value>
                <![CDATA[Email Address is Empty]]>
              </value>
            </param>
          </params>
          <reporter-output>
          </reporter-output>
        </test-method> <!-- userRegistration -->
        <test-method is-config="true" signature="closeBrowser()[pri:0, instance:test.TC_001Resgistration@7770f470]" started-at="2025-04-29T17:18:05 IST" name="closeBrowser" finished-at="2025-04-29T17:18:05 IST" duration-ms="199" status="PASS">
          <reporter-output>
          </reporter-output>
        </test-method> <!-- closeBrowser -->
        <test-method is-config="true" signature="launchingbrowserandloadingURL(java.lang.String,java.lang.String)[pri:0, instance:test.TC_001Resgistration@7770f470]" started-at="2025-04-29T17:18:05 IST" name="launchingbrowserandloadingURL" finished-at="2025-04-29T17:18:13 IST" duration-ms="7864" status="PASS">
          <params>
            <param index="0">
              <value>
                <![CDATA[https://adactinhotelapp.com/]]>
              </value>
            </param>
            <param index="1">
              <value>
                <![CDATA[Chrome]]>
              </value>
            </param>
          </params>
          <reporter-output>
          </reporter-output>
        </test-method> <!-- launchingbrowserandloadingURL -->
        <test-method signature="userRegistration(java.lang.String,java.lang.String,java.lang.String,java.lang.String,java.lang.String,java.lang.String,java.lang.String)[pri:0, instance:test.TC_001Resgistration@7770f470]" started-at="2025-04-29T17:18:13 IST" name="userRegistration" data-provider="readdata" finished-at="2025-04-29T17:18:15 IST" duration-ms="2022" status="PASS">
          <params>
            <param index="0">
              <value>
                <![CDATA[SarimKhan]]>
              </value>
            </param>
            <param index="1">
              <value>
                <![CDATA[sarim432]]>
              </value>
            </param>
            <param index="2">
              <value>
                <![CDATA[sarim432]]>
              </value>
            </param>
            <param index="3">
              <value>
                <![CDATA[Sarim]]>
              </value>
            </param>
            <param index="4">
              <value>
                <![CDATA[sarim@kmail]]>
              </value>
            </param>
            <param index="5">
              <value>
                <![CDATA[invalid email format]]>
              </value>
            </param>
            <param index="6">
              <value>
                <![CDATA[Invalid email, Please enter correct email.]]>
              </value>
            </param>
          </params>
          <reporter-output>
          </reporter-output>
        </test-method> <!-- userRegistration -->
        <test-method is-config="true" signature="closeBrowser()[pri:0, instance:test.TC_001Resgistration@7770f470]" started-at="2025-04-29T17:18:15 IST" name="closeBrowser" finished-at="2025-04-29T17:18:15 IST" duration-ms="188" status="PASS">
          <reporter-output>
          </reporter-output>
        </test-method> <!-- closeBrowser -->
        <test-method is-config="true" signature="launchingbrowserandloadingURL(java.lang.String,java.lang.String)[pri:0, instance:test.TC_001Resgistration@7770f470]" started-at="2025-04-29T17:18:15 IST" name="launchingbrowserandloadingURL" finished-at="2025-04-29T17:18:25 IST" duration-ms="10168" status="PASS">
          <params>
            <param index="0">
              <value>
                <![CDATA[https://adactinhotelapp.com/]]>
              </value>
            </param>
            <param index="1">
              <value>
                <![CDATA[Chrome]]>
              </value>
            </param>
          </params>
          <reporter-output>
          </reporter-output>
        </test-method> <!-- launchingbrowserandloadingURL -->
        <test-method signature="userRegistration(java.lang.String,java.lang.String,java.lang.String,java.lang.String,java.lang.String,java.lang.String,java.lang.String)[pri:0, instance:test.TC_001Resgistration@7770f470]" started-at="2025-04-29T17:18:25 IST" name="userRegistration" data-provider="readdata" finished-at="2025-04-29T17:18:38 IST" duration-ms="12284" status="PASS">
          <params>
            <param index="0">
              <value>
                <![CDATA[Jeyasrisankar]]>
              </value>
            </param>
            <param index="1">
              <value>
                <![CDATA[jeya678]]>
              </value>
            </param>
            <param index="2">
              <value>
                <![CDATA[jeya678]]>
              </value>
            </param>
            <param index="3">
              <value>
                <![CDATA[Jeyasri]]>
              </value>
            </param>
            <param index="4">
              <value>
                <![CDATA[jeyasri@kmail.com]]>
              </value>
            </param>
            <param index="5">
              <value>
                <![CDATA[Existing Username]]>
              </value>
            </param>
            <param index="6">
              <value>
                <![CDATA[This username is alredy available]]>
              </value>
            </param>
          </params>
          <reporter-output>
          </reporter-output>
        </test-method> <!-- userRegistration -->
        <test-method is-config="true" signature="closeBrowser()[pri:0, instance:test.TC_001Resgistration@7770f470]" started-at="2025-04-29T17:18:38 IST" name="closeBrowser" finished-at="2025-04-29T17:18:38 IST" duration-ms="247" status="PASS">
          <reporter-output>
          </reporter-output>
        </test-method> <!-- closeBrowser -->
        <test-method is-config="true" signature="launchingbrowserandloadingURL(java.lang.String,java.lang.String)[pri:0, instance:test.TC_001Resgistration@7770f470]" started-at="2025-04-29T17:18:38 IST" name="launchingbrowserandloadingURL" finished-at="2025-04-29T17:18:45 IST" duration-ms="6988" status="PASS">
          <params>
            <param index="0">
              <value>
                <![CDATA[https://adactinhotelapp.com/]]>
              </value>
            </param>
            <param index="1">
              <value>
                <![CDATA[Chrome]]>
              </value>
            </param>
          </params>
          <reporter-output>
          </reporter-output>
        </test-method> <!-- launchingbrowserandloadingURL -->
        <test-method signature="userRegistration(java.lang.String,java.lang.String,java.lang.String,java.lang.String,java.lang.String,java.lang.String,java.lang.String)[pri:0, instance:test.TC_001Resgistration@7770f470]" started-at="2025-04-29T17:18:45 IST" name="userRegistration" data-provider="readdata" finished-at="2025-04-29T17:18:47 IST" duration-ms="1844" status="PASS">
          <params>
            <param index="0">
              <value>
                <![CDATA[]]>
              </value>
            </param>
            <param index="1">
              <value>
                <![CDATA[]]>
              </value>
            </param>
            <param index="2">
              <value>
                <![CDATA[]]>
              </value>
            </param>
            <param index="3">
              <value>
                <![CDATA[]]>
              </value>
            </param>
            <param index="4">
              <value>
                <![CDATA[]]>
              </value>
            </param>
            <param index="5">
              <value>
                <![CDATA[All Field Empty]]>
              </value>
            </param>
            <param index="6">
              <value>
                <![CDATA[(Fields marked with Red asterix (*) are mandatory)]]>
              </value>
            </param>
          </params>
          <reporter-output>
          </reporter-output>
        </test-method> <!-- userRegistration -->
        <test-method is-config="true" signature="closeBrowser()[pri:0, instance:test.TC_001Resgistration@7770f470]" started-at="2025-04-29T17:18:47 IST" name="closeBrowser" finished-at="2025-04-29T17:18:47 IST" duration-ms="288" status="PASS">
          <reporter-output>
          </reporter-output>
        </test-method> <!-- closeBrowser -->
        <test-method is-config="true" signature="launchingbrowserandloadingURL(java.lang.String,java.lang.String)[pri:0, instance:test.TC_001Resgistration@7770f470]" started-at="2025-04-29T17:18:47 IST" name="launchingbrowserandloadingURL" finished-at="2025-04-29T17:18:55 IST" duration-ms="7596" status="PASS">
          <params>
            <param index="0">
              <value>
                <![CDATA[https://adactinhotelapp.com/]]>
              </value>
            </param>
            <param index="1">
              <value>
                <![CDATA[Chrome]]>
              </value>
            </param>
          </params>
          <reporter-output>
          </reporter-output>
        </test-method> <!-- launchingbrowserandloadingURL -->
        <test-method signature="userRegistration(java.lang.String,java.lang.String,java.lang.String,java.lang.String,java.lang.String,java.lang.String,java.lang.String)[pri:0, instance:test.TC_001Resgistration@7770f470]" started-at="2025-04-29T17:18:55 IST" name="userRegistration" data-provider="readdata" finished-at="2025-04-29T17:19:07 IST" duration-ms="11885" status="PASS">
          <params>
            <param index="0">
              <value>
                <![CDATA[Jeyasri  Sanka]]>
              </value>
            </param>
            <param index="1">
              <value>
                <![CDATA[jeya123]]>
              </value>
            </param>
            <param index="2">
              <value>
                <![CDATA[jeya123]]>
              </value>
            </param>
            <param index="3">
              <value>
                <![CDATA[jeya]]>
              </value>
            </param>
            <param index="4">
              <value>
                <![CDATA[jeya336@kmail.com]]>
              </value>
            </param>
            <param index="5">
              <value>
                <![CDATA[Not Alpha Numeric]]>
              </value>
            </param>
            <param index="6">
              <value>
                <![CDATA[Only Alpha Numeric characters are allowed]]>
              </value>
            </param>
          </params>
          <reporter-output>
          </reporter-output>
        </test-method> <!-- userRegistration -->
        <test-method is-config="true" signature="closeBrowser()[pri:0, instance:test.TC_001Resgistration@7770f470]" started-at="2025-04-29T17:19:07 IST" name="closeBrowser" finished-at="2025-04-29T17:19:07 IST" duration-ms="199" status="PASS">
          <reporter-output>
          </reporter-output>
        </test-method> <!-- closeBrowser -->
        <test-method is-config="true" signature="reportClose()[pri:0, instance:test.TC_001Resgistration@7770f470]" started-at="2025-04-29T17:25:40 IST" name="reportClose" finished-at="2025-04-29T17:25:40 IST" duration-ms="476" status="PASS">
          <reporter-output>
          </reporter-output>
        </test-method> <!-- reportClose -->
      </class> <!-- test.TC_001Resgistration -->
    </test> <!-- Test -->
  </suite> <!-- Suite -->
</testng-results>
